2025-11-17 16:03:55,442 [INFO] Activator:176 - 


2025-11-17 16:03:55,444 [INFO] Activator:177 - !SESSION log4j initialized
2025-11-17 16:03:58,776 [INFO] LogOutputStream:77 - [STDOUT_REDIRECT] 
2025-11-17 16:04:02,145 [INFO] ApplicationProperties:184 - Using Application install path: C:\ST\STM32CubeIDE_1.19.0\STM32CubeIDE\plugins\com.st.stm32cube.common.mx_6.15.0.202507011659
2025-11-17 16:04:02,174 [INFO] DbMcusXml:78 - Set database path to: C:\ST\STM32CubeIDE_1.19.0\STM32CubeIDE\plugins\com.st.stm32cube.common.mx_6.15.0.202507011659\\db\/mcu/
2025-11-17 16:04:02,174 [INFO] ApiDb:274 - Set plugin database path to: C:\ST\STM32CubeIDE_1.19.0\STM32CubeIDE\plugins\com.st.stm32cube.common.mx_6.15.0.202507011659\\db\/plugins/boardmanager/
2025-11-17 16:04:02,175 [WARN] ApiDb:259 - Overriding images path with different value:  => C:\ST\STM32CubeIDE_1.19.0\STM32CubeIDE\plugins\com.st.stm32cube.common.mx_6.15.0.202507011659\\db\/plugins/mcufinder/images/
2025-11-17 16:04:02,191 [INFO] ApiDb:250 - Set database path to: C:\Users\Александра\.stmcufinder\plugins\mcufinder//mcu/
2025-11-17 16:04:02,193 [INFO] DbMcusAds:125 - Set database path to: C:\Users\Александра\.stmcufinder\plugins\mcufinder//mcu/
2025-11-17 16:04:10,266 [INFO] CrossReferenceDbSqlite:203 - Set database path to: C:\Users\Александра\.stmcufinder\plugins\mcufinder//mcu/cs/
2025-11-17 16:04:10,451 [INFO] RulesReader:64 - Compatibility file has been processed (317 Rules)
2025-11-17 16:04:10,594 [INFO] DbMcusXml:78 - Set database path to: C:\ST\STM32CubeIDE_1.19.0\STM32CubeIDE\plugins\com.st.stm32cube.common.mx_6.15.0.202507011659\\db\/mcu/
2025-11-17 16:04:10,594 [INFO] ApiDb:274 - Set plugin database path to: C:\ST\STM32CubeIDE_1.19.0\STM32CubeIDE\plugins\com.st.stm32cube.common.mx_6.15.0.202507011659\\db\/plugins/boardmanager/
2025-11-17 16:04:10,594 [INFO] ApiDb:261 - Set plugin images path to: C:\ST\STM32CubeIDE_1.19.0\STM32CubeIDE\plugins\com.st.stm32cube.common.mx_6.15.0.202507011659\\db\/plugins/mcufinder/images/
2025-11-17 16:04:10,595 [WARN] DbFile:41 - Overriding database path with different value: C:\Users\Александра\.stmcufinder\plugins\mcufinder/ => C:\Users\Александра\.stmcufinder\plugins\mcufinder
2025-11-17 16:04:10,595 [INFO] ApiDb:250 - Set database path to: C:\Users\Александра\.stmcufinder\plugins\mcufinder//mcu/
2025-11-17 16:04:10,595 [WARN] DbFile:41 - Overriding database path with different value: C:\Users\Александра\.stmcufinder\plugins\mcufinder/ => C:\Users\Александра\.stmcufinder\plugins\mcufinder
2025-11-17 16:04:10,595 [INFO] DbMcusAds:125 - Set database path to: C:\Users\Александра\.stmcufinder\plugins\mcufinder//mcu/
2025-11-17 16:04:10,595 [WARN] DbFile:41 - Overriding database path with different value: C:\Users\Александра\.stmcufinder\plugins\mcufinder/ => C:\Users\Александра\.stmcufinder\plugins\mcufinder
2025-11-17 16:04:10,595 [WARN] DbFile:41 - Overriding database path with different value: C:\Users\Александра\.stmcufinder\plugins\mcufinder/ => C:\Users\Александра\.stmcufinder\plugins\mcufinder
2025-11-17 16:04:10,596 [INFO] CrossReferenceDbSqlite:203 - Set database path to: C:\Users\Александра\.stmcufinder\plugins\mcufinder//mcu/cs/
2025-11-17 16:04:10,777 [INFO] MainPanel:274 - HeapMemory: 268435456
2025-11-17 16:04:10,983 [INFO] DbMcusXml:78 - Set database path to: C:\ST\STM32CubeIDE_1.19.0\STM32CubeIDE\plugins\com.st.stm32cube.common.mx_6.15.0.202507011659\\db\/mcu/
2025-11-17 16:04:10,983 [INFO] ApiDb:274 - Set plugin database path to: C:\ST\STM32CubeIDE_1.19.0\STM32CubeIDE\plugins\com.st.stm32cube.common.mx_6.15.0.202507011659\\db\/plugins/boardmanager/
2025-11-17 16:04:10,984 [INFO] ApiDb:261 - Set plugin images path to: C:\ST\STM32CubeIDE_1.19.0\STM32CubeIDE\plugins\com.st.stm32cube.common.mx_6.15.0.202507011659\\db\/plugins/mcufinder/images/
2025-11-17 16:04:10,984 [WARN] DbFile:41 - Overriding database path with different value: C:\Users\Александра\.stmcufinder\plugins\mcufinder/ => C:\Users\Александра\.stmcufinder\plugins\mcufinder
2025-11-17 16:04:10,985 [INFO] ApiDb:250 - Set database path to: C:\Users\Александра\.stmcufinder\plugins\mcufinder//mcu/
2025-11-17 16:04:10,985 [WARN] DbFile:41 - Overriding database path with different value: C:\Users\Александра\.stmcufinder\plugins\mcufinder/ => C:\Users\Александра\.stmcufinder\plugins\mcufinder
2025-11-17 16:04:10,985 [INFO] DbMcusAds:125 - Set database path to: C:\Users\Александра\.stmcufinder\plugins\mcufinder//mcu/
2025-11-17 16:04:10,985 [WARN] DbFile:41 - Overriding database path with different value: C:\Users\Александра\.stmcufinder\plugins\mcufinder/ => C:\Users\Александра\.stmcufinder\plugins\mcufinder
2025-11-17 16:04:10,985 [WARN] DbFile:41 - Overriding database path with different value: C:\Users\Александра\.stmcufinder\plugins\mcufinder/ => C:\Users\Александра\.stmcufinder\plugins\mcufinder
2025-11-17 16:04:10,985 [INFO] CrossReferenceDbSqlite:203 - Set database path to: C:\Users\Александра\.stmcufinder\plugins\mcufinder//mcu/cs/
2025-11-17 16:04:11,016 [INFO] ApplicationProperties:184 - Using Application install path: C:\ST\STM32CubeIDE_1.19.0\STM32CubeIDE\plugins\com.st.stm32cube.common.mx_6.15.0.202507011659
2025-11-17 16:04:11,018 [INFO] PluginManage:196 - Search for loadable plugins [exclusion list=, ]
2025-11-17 16:04:11,020 [INFO] PluginManage:310 - Check plugin analytics
