2025-11-11 11:06:50,162 [INFO] ADCParametersView:116 -                Rank 1 : true
2025-11-11 11:06:50,209 [INFO] ADCParametersView:116 -                Rank 1 : true
2025-11-11 11:06:50,209 [INFO] ADCParametersView:116 -                Rank 1 : true
2025-11-11 11:06:50,209 [INFO] ADCParametersView:116 -                Rank 1 : true
2025-11-11 11:06:50,209 [INFO] ADCParametersView:116 -                Rank 1 : true
2025-11-11 11:06:50,209 [INFO] ADCParametersView:116 -                Rank 1 : true
2025-11-11 11:06:50,210 [INFO] ADCParametersView:116 -                Rank 1 : true
2025-11-11 11:06:50,210 [INFO] ADCParametersView:116 -                Rank 1 : true
2025-11-11 11:06:50,210 [INFO] ADCParametersView:116 -                Rank 1 : true
2025-11-11 11:06:50,210 [INFO] ADCParametersView:116 -                Rank 1 : true
2025-11-11 11:06:50,210 [INFO] ADCParametersView:116 -                Rank 1 : true
2025-11-11 11:06:50,210 [INFO] ADCParametersView:116 -                Rank 1 : true
2025-11-11 11:06:50,210 [INFO] ADCParametersView:116 -                Rank 1 : true
2025-11-11 11:06:50,210 [INFO] ADCParametersView:116 -                Rank 1 : true
2025-11-11 11:06:50,210 [INFO] ADCParametersView:116 -                Rank 1 : true
2025-11-11 11:06:50,210 [INFO] ADCParametersView:116 -                Rank 1 : true
2025-11-11 11:06:50,210 [INFO] ADCParametersView:116 -                Rank 1 : true
2025-11-11 11:06:50,210 [INFO] ADCParametersView:116 -                Rank 1 : true
2025-11-11 11:06:50,211 [INFO] ADCParametersView:116 -                Rank 1 : true
2025-11-11 11:06:50,211 [INFO] ADCParametersView:116 -                Rank 1 : true
2025-11-11 11:06:50,211 [INFO] ADCParametersView:116 -                Rank 1 : true
2025-11-11 11:06:50,228 [INFO] ADCParametersView:116 -                Rank 1 : true
2025-11-11 11:06:50,268 [INFO] ADCParametersView:116 -                Rank 1 : true
2025-11-11 11:06:50,269 [INFO] ADCParametersView:116 -                Rank 1 : true
2025-11-11 11:06:50,269 [INFO] ADCParametersView:116 -                Rank 1 : true
2025-11-11 11:06:50,269 [INFO] ADCParametersView:116 -                Rank 1 : true
2025-11-11 11:06:50,270 [INFO] ADCParametersView:116 -                Rank 1 : true
2025-11-11 11:06:50,270 [INFO] ADCParametersView:116 -                Rank 1 : true
2025-11-11 11:06:50,270 [INFO] ADCParametersView:116 -                Rank 1 : true
2025-11-11 11:06:50,270 [INFO] ADCParametersView:116 -                Rank 1 : true
2025-11-11 11:06:50,270 [INFO] ADCParametersView:116 -                Rank 1 : true
2025-11-11 11:06:50,270 [INFO] ADCParametersView:116 -                Rank 1 : true
2025-11-11 11:06:50,270 [INFO] ADCParametersView:116 -                Rank 1 : true
2025-11-11 11:06:50,270 [INFO] ADCParametersView:116 -                Rank 1 : true
2025-11-11 11:06:50,270 [INFO] ADCParametersView:116 -                Rank 1 : true
2025-11-11 11:06:50,270 [INFO] ADCParametersView:116 -                Rank 1 : true
2025-11-11 11:06:50,270 [INFO] ADCParametersView:116 -                Rank 1 : true
2025-11-11 11:06:50,270 [INFO] ADCParametersView:116 -                Rank 1 : true
2025-11-11 11:06:50,270 [INFO] ADCParametersView:116 -                Rank 1 : true
2025-11-11 11:06:50,271 [INFO] ADCParametersView:116 -                Rank 1 : true
2025-11-11 11:06:50,271 [INFO] ADCParametersView:116 -                Rank 1 : true
2025-11-11 11:06:50,271 [INFO] ADCParametersView:116 -                Rank 1 : true
2025-11-11 11:06:50,271 [INFO] ADCParametersView:116 -                Rank 1 : true
2025-11-11 11:06:50,288 [INFO] ADCParametersView:116 -                Rank 1 : true
2025-11-11 11:06:54,033 [INFO] ADCParametersView:116 -                Rank 1 : true
2025-11-11 11:06:54,036 [INFO] ADCParametersView:116 -                Rank 1 : true
2025-11-11 11:06:54,037 [INFO] ADCParametersView:116 -                Rank 1 : true
2025-11-11 11:06:54,037 [INFO] ADCParametersView:116 -                Rank 1 : true
2025-11-11 11:06:54,038 [INFO] ADCParametersView:116 -                Rank 1 : true
2025-11-11 11:06:54,038 [INFO] ADCParametersView:116 -                Rank 1 : true
2025-11-11 11:06:54,039 [INFO] ADCParametersView:116 -                Rank 1 : true
2025-11-11 11:06:54,039 [INFO] ADCParametersView:116 -                Rank 1 : true
2025-11-11 11:06:54,039 [INFO] ADCParametersView:116 -                Rank 1 : true
2025-11-11 11:06:54,039 [INFO] ADCParametersView:116 -                Rank 1 : true
2025-11-11 11:06:54,040 [INFO] ADCParametersView:116 -                Rank 1 : true
2025-11-11 11:06:54,040 [INFO] ADCParametersView:116 -                Rank 1 : true
2025-11-11 11:06:54,040 [INFO] ADCParametersView:116 -                Rank 1 : true
2025-11-11 11:06:54,041 [INFO] ADCParametersView:116 -                Rank 1 : true
2025-11-11 11:06:54,041 [INFO] ADCParametersView:116 -                Rank 1 : true
2025-11-11 11:06:54,041 [INFO] ADCParametersView:116 -                Rank 1 : true
2025-11-11 11:06:54,041 [INFO] ADCParametersView:116 -                Rank 1 : true
2025-11-11 11:06:54,042 [INFO] ADCParametersView:116 -                Rank 1 : true
2025-11-11 11:06:54,042 [INFO] ADCParametersView:116 -                Rank 1 : true
2025-11-11 11:06:54,042 [INFO] ADCParametersView:116 -                Rank 1 : true
2025-11-11 11:06:54,042 [INFO] ADCParametersView:116 -                Rank 1 : true
2025-11-11 11:06:54,063 [INFO] ADCParametersView:116 -                Rank 1 : true
2025-11-11 11:14:21,191 [INFO] NvicIntPanel:101 - NVIC parent = com.st.microxplorer.plugins.ip.nvic.MultiNvicIntPanel[,0,0,859x600,layout=javax.swing.BoxLayout,alignmentX=0.0,alignmentY=0.0,border=,flags=9,maximumSize=,minimumSize=,preferredSize=]
2025-11-11 11:15:01,687 [INFO] ADCParametersView:116 -                Rank 1 : true
2025-11-11 11:15:01,688 [INFO] ADCParametersView:116 -                Rank 1 : true
2025-11-11 11:15:01,689 [INFO] ADCParametersView:116 -                Rank 1 : true
2025-11-11 11:15:01,689 [INFO] ADCParametersView:116 -                Rank 1 : true
2025-11-11 11:15:01,689 [INFO] ADCParametersView:116 -                Rank 1 : true
2025-11-11 11:15:01,689 [INFO] ADCParametersView:116 -                Rank 1 : true
2025-11-11 11:15:01,689 [INFO] ADCParametersView:116 -                Rank 1 : true
2025-11-11 11:15:01,689 [INFO] ADCParametersView:116 -                Rank 1 : true
2025-11-11 11:15:01,689 [INFO] ADCParametersView:116 -                Rank 1 : true
2025-11-11 11:15:01,689 [INFO] ADCParametersView:116 -                Rank 1 : true
2025-11-11 11:15:01,689 [INFO] ADCParametersView:116 -                Rank 1 : true
2025-11-11 11:15:01,689 [INFO] ADCParametersView:116 -                Rank 1 : true
2025-11-11 11:15:01,689 [INFO] ADCParametersView:116 -                Rank 1 : true
2025-11-11 11:15:01,689 [INFO] ADCParametersView:116 -                Rank 1 : true
2025-11-11 11:15:01,689 [INFO] ADCParametersView:116 -                Rank 1 : true
2025-11-11 11:15:01,689 [INFO] ADCParametersView:116 -                Rank 1 : true
2025-11-11 11:15:01,689 [INFO] ADCParametersView:116 -                Rank 1 : true
2025-11-11 11:15:01,690 [INFO] ADCParametersView:116 -                Rank 1 : true
2025-11-11 11:15:01,690 [INFO] ADCParametersView:116 -                Rank 1 : true
2025-11-11 11:15:01,690 [INFO] ADCParametersView:116 -                Rank 1 : true
2025-11-11 11:15:01,690 [INFO] ADCParametersView:116 -                Rank 1 : true
2025-11-11 11:15:01,702 [INFO] ADCParametersView:116 -                Rank 1 : true
2025-11-11 11:15:01,727 [INFO] ADCParametersView:116 -                Rank 1 : true
2025-11-11 11:15:01,728 [INFO] ADCParametersView:116 -                Rank 1 : true
2025-11-11 11:15:01,728 [INFO] ADCParametersView:116 -                Rank 1 : true
2025-11-11 11:15:01,728 [INFO] ADCParametersView:116 -                Rank 1 : true
2025-11-11 11:15:01,728 [INFO] ADCParametersView:116 -                Rank 1 : true
2025-11-11 11:15:01,728 [INFO] ADCParametersView:116 -                Rank 1 : true
2025-11-11 11:15:01,728 [INFO] ADCParametersView:116 -                Rank 1 : true
2025-11-11 11:15:01,728 [INFO] ADCParametersView:116 -                Rank 1 : true
2025-11-11 11:15:01,728 [INFO] ADCParametersView:116 -                Rank 1 : true
2025-11-11 11:15:01,728 [INFO] ADCParametersView:116 -                Rank 1 : true
2025-11-11 11:15:01,728 [INFO] ADCParametersView:116 -                Rank 1 : true
2025-11-11 11:15:01,728 [INFO] ADCParametersView:116 -                Rank 1 : true
2025-11-11 11:15:01,729 [INFO] ADCParametersView:116 -                Rank 1 : true
2025-11-11 11:15:01,729 [INFO] ADCParametersView:116 -                Rank 1 : true
2025-11-11 11:15:01,729 [INFO] ADCParametersView:116 -                Rank 1 : true
2025-11-11 11:15:01,729 [INFO] ADCParametersView:116 -                Rank 1 : true
2025-11-11 11:15:01,729 [INFO] ADCParametersView:116 -                Rank 1 : true
2025-11-11 11:15:01,729 [INFO] ADCParametersView:116 -                Rank 1 : true
2025-11-11 11:15:01,729 [INFO] ADCParametersView:116 -                Rank 1 : true
2025-11-11 11:15:01,729 [INFO] ADCParametersView:116 -                Rank 1 : true
2025-11-11 11:15:01,729 [INFO] ADCParametersView:116 -                Rank 1 : true
2025-11-11 11:15:01,740 [INFO] ADCParametersView:116 -                Rank 1 : true
2025-11-11 11:15:03,080 [INFO] NvicIntPanel:101 - NVIC parent = com.st.microxplorer.plugins.ip.nvic.MultiNvicIntPanel[,0,0,851x600,layout=javax.swing.BoxLayout,alignmentX=0.0,alignmentY=0.0,border=,flags=9,maximumSize=,minimumSize=,preferredSize=]
2025-11-11 11:21:52,569 [INFO] NvicIntPanel:101 - NVIC parent = com.st.microxplorer.plugins.ip.nvic.MultiNvicIntPanel[,0,0,851x298,layout=javax.swing.BoxLayout,alignmentX=0.0,alignmentY=0.0,border=,flags=9,maximumSize=,minimumSize=,preferredSize=]
2025-11-11 11:23:55,838 [INFO] UtilMem:75 - End SaveConfig() Used Memory: 461564160 Bytes (1073741824)
2025-11-11 11:23:55,941 [ERROR] ConfigurationRetriever:142 - IOException on connection: sw-center.st.com
2025-11-11 11:23:55,941 [ERROR] ConfigurationRetriever:142 - IOException on connection: sw-center.st.com
2025-11-11 11:23:55,941 [ERROR] ConfigurationRetriever:142 - IOException on connection: sw-center.st.com
2025-11-11 11:23:56,073 [ERROR] AdobePublisher:162 - Exception while opening the connection: java.net.UnknownHostException: stmicroelectronics.d3.sc.omtrdc.net
2025-11-11 11:23:56,074 [ERROR] AdobePublisher:162 - Exception while opening the connection: java.net.UnknownHostException: stmicroelectronics.d3.sc.omtrdc.net
2025-11-11 11:23:56,074 [ERROR] AdobePublisher:162 - Exception while opening the connection: java.net.UnknownHostException: stmicroelectronics.d3.sc.omtrdc.net
2025-11-11 11:23:56,075 [ERROR] AdobePublisher:162 - Exception while opening the connection: java.net.UnknownHostException: stmicroelectronics.d3.sc.omtrdc.net
2025-11-11 11:23:56,075 [ERROR] AdobePublisher:162 - Exception while opening the connection: java.net.UnknownHostException: stmicroelectronics.d3.sc.omtrdc.net
2025-11-11 11:23:58,819 [INFO] UtilMem:75 - End SaveConfig() Used Memory: 494070016 Bytes (1073741824)
2025-11-11 11:23:58,907 [ERROR] ConfigurationRetriever:142 - IOException on connection: sw-center.st.com
2025-11-11 11:23:58,908 [ERROR] ConfigurationRetriever:142 - IOException on connection: sw-center.st.com
2025-11-11 11:23:58,909 [ERROR] ConfigurationRetriever:142 - IOException on connection: sw-center.st.com
2025-11-11 11:24:00,592 [INFO] UtilMem:75 - End SaveConfig() Used Memory: 553316608 Bytes (1073741824)
2025-11-11 11:24:00,848 [INFO] BlockDiagram:2775 - set Specific Code input for plugin: SPI
2025-11-11 11:24:00,848 [INFO] BlockDiagram:2775 - set Specific Code input for plugin: TIM1_8G4
2025-11-11 11:24:00,848 [INFO] BlockDiagram:2775 - set Specific Code input for plugin: SYS
2025-11-11 11:24:00,848 [INFO] BlockDiagram:2775 - set Specific Code input for plugin: ADC
2025-11-11 11:24:00,848 [INFO] BlockDiagram:2775 - set Specific Code input for plugin: RCC
2025-11-11 11:24:00,848 [INFO] BlockDiagram:2775 - set Specific Code input for plugin: NVIC
2025-11-11 11:24:00,848 [INFO] BlockDiagram:2775 - set Specific Code input for plugin: USART
2025-11-11 11:24:00,848 [INFO] BlockDiagram:2775 - set Specific Code input for plugin: DMA
2025-11-11 11:24:00,849 [INFO] BlockDiagram:2775 - set Specific Code input for plugin: GPIO
2025-11-11 11:24:00,850 [INFO] CodeGenerator:892 - code generatio: config db path: C:/Users/Александра/.stm32cubemx/databases/DB.6.0.120/db/
2025-11-11 11:24:00,860 [INFO] Argument:325 - Argument : hdmavalue: null
2025-11-11 11:24:00,860 [INFO] Argument:327 - 	 sub Args: 
2025-11-11 11:24:00,860 [INFO] Argument:325 - Argument : Instancevalue: DMA1_Channel1
2025-11-11 11:24:00,860 [INFO] Argument:335 - Argument : Instancevalue: DMA1_Channel1
2025-11-11 11:24:00,860 [INFO] Argument:325 - Argument : Initvalue: null
2025-11-11 11:24:00,860 [INFO] Argument:327 - 	 sub Args: 
2025-11-11 11:24:00,860 [INFO] Argument:325 - Argument : Requestvalue: DMA_REQUEST_ADC1
2025-11-11 11:24:00,860 [INFO] Argument:335 - Argument : Requestvalue: DMA_REQUEST_ADC1
2025-11-11 11:24:00,860 [INFO] Argument:325 - Argument : Directionvalue: DMA_PERIPH_TO_MEMORY
2025-11-11 11:24:00,860 [INFO] Argument:335 - Argument : Directionvalue: DMA_PERIPH_TO_MEMORY
2025-11-11 11:24:00,860 [INFO] Argument:325 - Argument : PeriphIncvalue: DMA_PINC_DISABLE
2025-11-11 11:24:00,860 [INFO] Argument:335 - Argument : PeriphIncvalue: DMA_PINC_DISABLE
2025-11-11 11:24:00,860 [INFO] Argument:325 - Argument : MemIncvalue: DMA_MINC_ENABLE
2025-11-11 11:24:00,860 [INFO] Argument:335 - Argument : MemIncvalue: DMA_MINC_ENABLE
2025-11-11 11:24:00,860 [INFO] Argument:325 - Argument : PeriphDataAlignmentvalue: DMA_PDATAALIGN_HALFWORD
2025-11-11 11:24:00,860 [INFO] Argument:335 - Argument : PeriphDataAlignmentvalue: DMA_PDATAALIGN_HALFWORD
2025-11-11 11:24:00,860 [INFO] Argument:325 - Argument : MemDataAlignmentvalue: DMA_MDATAALIGN_HALFWORD
2025-11-11 11:24:00,860 [INFO] Argument:335 - Argument : MemDataAlignmentvalue: DMA_MDATAALIGN_HALFWORD
2025-11-11 11:24:00,860 [INFO] Argument:325 - Argument : Modevalue: DMA_CIRCULAR
2025-11-11 11:24:00,860 [INFO] Argument:335 - Argument : Modevalue: DMA_CIRCULAR
2025-11-11 11:24:00,860 [INFO] Argument:325 - Argument : Priorityvalue: DMA_PRIORITY_LOW
2025-11-11 11:24:00,860 [INFO] Argument:335 - Argument : Priorityvalue: DMA_PRIORITY_LOW
2025-11-11 11:24:00,860 [INFO] Argument:325 - Argument : Lockvalue: null
2025-11-11 11:24:00,860 [INFO] Argument:335 - Argument : Lockvalue: null
2025-11-11 11:24:00,860 [INFO] Argument:325 - Argument : Statevalue: null
2025-11-11 11:24:00,860 [INFO] Argument:335 - Argument : Statevalue: null
2025-11-11 11:24:00,860 [INFO] Argument:325 - Argument : Parentvalue: null
2025-11-11 11:24:00,860 [INFO] Argument:335 - Argument : Parentvalue: null
2025-11-11 11:24:00,860 [INFO] Argument:325 - Argument : XferCpltCallbackvalue: null
2025-11-11 11:24:00,860 [INFO] Argument:335 - Argument : XferCpltCallbackvalue: null
2025-11-11 11:24:00,860 [INFO] Argument:325 - Argument : XferHalfCpltCallbackvalue: null
2025-11-11 11:24:00,860 [INFO] Argument:335 - Argument : XferHalfCpltCallbackvalue: null
2025-11-11 11:24:00,860 [INFO] Argument:325 - Argument : XferErrorCallbackvalue: null
2025-11-11 11:24:00,860 [INFO] Argument:335 - Argument : XferErrorCallbackvalue: null
2025-11-11 11:24:00,860 [INFO] Argument:325 - Argument : XferAbortCallbackvalue: null
2025-11-11 11:24:00,860 [INFO] Argument:335 - Argument : XferAbortCallbackvalue: null
2025-11-11 11:24:00,860 [INFO] Argument:325 - Argument : ErrorCodevalue: null
2025-11-11 11:24:00,860 [INFO] Argument:335 - Argument : ErrorCodevalue: null
2025-11-11 11:24:00,860 [INFO] Argument:325 - Argument : ChannelIndexvalue: null
2025-11-11 11:24:00,860 [INFO] Argument:335 - Argument : ChannelIndexvalue: null
2025-11-11 11:24:00,860 [INFO] Argument:325 - Argument : DMAmuxChannelvalue: null
2025-11-11 11:24:00,860 [INFO] Argument:335 - Argument : DMAmuxChannelvalue: null
2025-11-11 11:24:00,861 [INFO] Argument:325 - Argument : DMAmuxChannelStatusvalue: null
2025-11-11 11:24:00,861 [INFO] Argument:335 - Argument : DMAmuxChannelStatusvalue: null
2025-11-11 11:24:00,861 [INFO] Argument:325 - Argument : DMAmuxChannelStatusMaskvalue: null
2025-11-11 11:24:00,861 [INFO] Argument:335 - Argument : DMAmuxChannelStatusMaskvalue: null
2025-11-11 11:24:00,861 [INFO] Argument:325 - Argument : DMAmuxRequestGenvalue: null
2025-11-11 11:24:00,861 [INFO] Argument:335 - Argument : DMAmuxRequestGenvalue: null
2025-11-11 11:24:00,861 [INFO] Argument:325 - Argument : DMAmuxRequestGenStatusvalue: null
2025-11-11 11:24:00,861 [INFO] Argument:335 - Argument : DMAmuxRequestGenStatusvalue: null
2025-11-11 11:24:00,861 [INFO] Argument:325 - Argument : DMAmuxRequestGenStatusMaskvalue: null
2025-11-11 11:24:00,861 [INFO] Argument:335 - Argument : DMAmuxRequestGenStatusMaskvalue: null
2025-11-11 11:24:00,956 [INFO] CodeEngine:265 - oldGeneratedFile, C:\Users\Александра\Documents\reserach_dc\reserach_dc\MXTmpFiles\license.tmp_save
2025-11-11 11:24:01,343 [INFO] CodeEngine:289 - Generated code: C:\Users\Александра\Documents\reserach_dc\reserach_dc\MXTmpFiles\license.tmp
2025-11-11 11:24:01,436 [INFO] CodeEngine:265 - oldGeneratedFile, C:\Users\Александра\Documents\reserach_dc\reserach_dc\MXTmpFiles\gpio.tmp_save
2025-11-11 11:24:01,633 [INFO] CodeEngine:289 - Generated code: C:\Users\Александра\Documents\reserach_dc\reserach_dc\MXTmpFiles\gpio.tmp
2025-11-11 11:24:02,245 [INFO] CodeEngine:265 - oldGeneratedFile, C:\Users\Александра\Documents\reserach_dc\reserach_dc\MXTmpFiles\dma.tmp_save
2025-11-11 11:24:02,336 [INFO] CodeEngine:289 - Generated code: C:\Users\Александра\Documents\reserach_dc\reserach_dc\MXTmpFiles\dma.tmp
2025-11-11 11:24:02,343 [INFO] CodeEngine:265 - oldGeneratedFile, C:\Users\Александра\Documents\reserach_dc\reserach_dc\MXTmpFiles\dma_GV.tmp_save
2025-11-11 11:24:02,426 [INFO] CodeEngine:289 - Generated code: C:\Users\Александра\Documents\reserach_dc\reserach_dc\MXTmpFiles\dma_GV.tmp
2025-11-11 11:24:02,451 [INFO] CodeEngine:265 - oldGeneratedFile, C:\Users\Александра\Documents\reserach_dc\reserach_dc\Core\Src\stm32g4xx_it.c_save
2025-11-11 11:24:02,867 [INFO] CodeEngine:289 - Generated code: C:\Users\Александра\Documents\reserach_dc\reserach_dc\Core\Src\stm32g4xx_it.c
2025-11-11 11:24:02,876 [INFO] CodeEngine:265 - oldGeneratedFile, C:\Users\Александра\Documents\reserach_dc\reserach_dc\Core\Inc\stm32g4xx_it.h_save
2025-11-11 11:24:02,968 [INFO] CodeEngine:289 - Generated code: C:\Users\Александра\Documents\reserach_dc\reserach_dc\Core\Inc\stm32g4xx_it.h
2025-11-11 11:24:02,992 [INFO] CodeEngine:265 - oldGeneratedFile, C:\Users\Александра\Documents\reserach_dc\reserach_dc\Core\Src\stm32g4xx_hal_msp.c_save
2025-11-11 11:24:03,177 [INFO] CodeEngine:289 - Generated code: C:\Users\Александра\Documents\reserach_dc\reserach_dc\Core\Src\stm32g4xx_hal_msp.c
2025-11-11 11:24:03,186 [INFO] CodeEngine:265 - oldGeneratedFile, C:\Users\Александра\Documents\reserach_dc\reserach_dc\MXTmpFiles\system.tmp_save
2025-11-11 11:24:03,258 [INFO] CodeEngine:289 - Generated code: C:\Users\Александра\Documents\reserach_dc\reserach_dc\MXTmpFiles\system.tmp
2025-11-11 11:24:03,277 [INFO] CodeEngine:321 - oldGeneratedFile, C:\Users\Александра\Documents\reserach_dc\reserach_dc\Core\Inc\stm32g4xx_hal_conf.h_save
2025-11-11 11:24:03,356 [INFO] CodeEngine:345 - Generated code: C:\Users\Александра\Documents\reserach_dc\reserach_dc\Core\Inc\stm32g4xx_hal_conf.h
2025-11-11 11:24:03,381 [WARN] IPConfigManager:3238 - Warning: the RefConfig RCC_CommonPeriphClockConfig is not available in your config.xml file
2025-11-11 11:24:03,387 [INFO] ApiDbMcu:532 - Load IP Config File for SPI1
2025-11-11 11:24:03,389 [WARN] IPConfigManager:3811 - IP not found : TIM
2025-11-11 11:24:03,389 [WARN] CodeGenerator:4259 - IP not found : null
2025-11-11 11:24:03,402 [INFO] CodeEngine:265 - oldGeneratedFile, C:\Users\Александра\Documents\reserach_dc\reserach_dc\Core\Inc\main.h_save
2025-11-11 11:24:03,510 [INFO] CodeEngine:289 - Generated code: C:\Users\Александра\Documents\reserach_dc\reserach_dc\Core\Inc\main.h
2025-11-11 11:24:03,521 [INFO] CodeEngine:265 - oldGeneratedFile, C:\Users\Александра\Documents\reserach_dc\reserach_dc\Core\Src\main.c_save
2025-11-11 11:24:03,654 [INFO] CodeEngine:289 - Generated code: C:\Users\Александра\Documents\reserach_dc\reserach_dc\Core\Src\main.c
2025-11-11 11:24:04,315 [INFO] ProjectBuilder:3606 - Time for Copy HAL[1] : 308mS.
2025-11-11 11:24:04,319 [INFO] ProjectBuilder:5216 - Project Generator version: 4.7.0-B52
2025-11-11 11:24:04,423 [INFO] ConfigFileManager:1595 - The Die is : DIE469
2025-11-11 11:24:05,508 [INFO] ProjectBuilder:5496 - Time for Generating toolchain IDE Files: 1189mS.
2025-11-11 11:24:05,509 [INFO] ProjectBuilder:3463 - Time for Copy CMSIS : 1mS.
2025-11-11 11:24:05,514 [INFO] ProjectBuilder:3463 - Time for Copy CMSIS : 1mS.
2025-11-11 12:53:45,524 [INFO] UtilMem:75 - End SaveConfig() Used Memory: 828023856 Bytes (1069547520)
2025-11-11 12:53:47,761 [INFO] UtilMem:75 - End SaveConfig() Used Memory: 863672768 Bytes (1069547520)
2025-11-11 12:53:50,303 [INFO] UtilMem:75 - End SaveConfig() Used Memory: 403264232 Bytes (1069547520)
2025-11-11 12:53:51,257 [INFO] BlockDiagram:2775 - set Specific Code input for plugin: SPI
2025-11-11 12:53:51,257 [INFO] BlockDiagram:2775 - set Specific Code input for plugin: TIM1_8G4
2025-11-11 12:53:51,257 [INFO] BlockDiagram:2775 - set Specific Code input for plugin: SYS
2025-11-11 12:53:51,257 [INFO] BlockDiagram:2775 - set Specific Code input for plugin: ADC
2025-11-11 12:53:51,258 [INFO] BlockDiagram:2775 - set Specific Code input for plugin: RCC
2025-11-11 12:53:51,258 [INFO] BlockDiagram:2775 - set Specific Code input for plugin: NVIC
2025-11-11 12:53:51,259 [INFO] BlockDiagram:2775 - set Specific Code input for plugin: USART
2025-11-11 12:53:51,259 [INFO] BlockDiagram:2775 - set Specific Code input for plugin: DMA
2025-11-11 12:53:51,261 [INFO] BlockDiagram:2775 - set Specific Code input for plugin: GPIO
2025-11-11 12:53:51,264 [INFO] CodeGenerator:892 - code generatio: config db path: C:/Users/Александра/.stm32cubemx/databases/DB.6.0.120/db/
2025-11-11 12:53:51,276 [INFO] Argument:325 - Argument : hdmavalue: null
2025-11-11 12:53:51,276 [INFO] Argument:327 - 	 sub Args: 
2025-11-11 12:53:51,276 [INFO] Argument:325 - Argument : Instancevalue: DMA1_Channel1
2025-11-11 12:53:51,277 [INFO] Argument:335 - Argument : Instancevalue: DMA1_Channel1
2025-11-11 12:53:51,277 [INFO] Argument:325 - Argument : Initvalue: null
2025-11-11 12:53:51,277 [INFO] Argument:327 - 	 sub Args: 
2025-11-11 12:53:51,277 [INFO] Argument:325 - Argument : Requestvalue: DMA_REQUEST_ADC1
2025-11-11 12:53:51,277 [INFO] Argument:335 - Argument : Requestvalue: DMA_REQUEST_ADC1
2025-11-11 12:53:51,278 [INFO] Argument:325 - Argument : Directionvalue: DMA_PERIPH_TO_MEMORY
2025-11-11 12:53:51,278 [INFO] Argument:335 - Argument : Directionvalue: DMA_PERIPH_TO_MEMORY
2025-11-11 12:53:51,278 [INFO] Argument:325 - Argument : PeriphIncvalue: DMA_PINC_DISABLE
2025-11-11 12:53:51,278 [INFO] Argument:335 - Argument : PeriphIncvalue: DMA_PINC_DISABLE
2025-11-11 12:53:51,278 [INFO] Argument:325 - Argument : MemIncvalue: DMA_MINC_ENABLE
2025-11-11 12:53:51,278 [INFO] Argument:335 - Argument : MemIncvalue: DMA_MINC_ENABLE
2025-11-11 12:53:51,278 [INFO] Argument:325 - Argument : PeriphDataAlignmentvalue: DMA_PDATAALIGN_HALFWORD
2025-11-11 12:53:51,278 [INFO] Argument:335 - Argument : PeriphDataAlignmentvalue: DMA_PDATAALIGN_HALFWORD
2025-11-11 12:53:51,279 [INFO] Argument:325 - Argument : MemDataAlignmentvalue: DMA_MDATAALIGN_HALFWORD
2025-11-11 12:53:51,279 [INFO] Argument:335 - Argument : MemDataAlignmentvalue: DMA_MDATAALIGN_HALFWORD
2025-11-11 12:53:51,279 [INFO] Argument:325 - Argument : Modevalue: DMA_CIRCULAR
2025-11-11 12:53:51,279 [INFO] Argument:335 - Argument : Modevalue: DMA_CIRCULAR
2025-11-11 12:53:51,279 [INFO] Argument:325 - Argument : Priorityvalue: DMA_PRIORITY_LOW
2025-11-11 12:53:51,279 [INFO] Argument:335 - Argument : Priorityvalue: DMA_PRIORITY_LOW
2025-11-11 12:53:51,279 [INFO] Argument:325 - Argument : Lockvalue: null
2025-11-11 12:53:51,280 [INFO] Argument:335 - Argument : Lockvalue: null
2025-11-11 12:53:51,280 [INFO] Argument:325 - Argument : Statevalue: null
2025-11-11 12:53:51,281 [INFO] Argument:335 - Argument : Statevalue: null
2025-11-11 12:53:51,281 [INFO] Argument:325 - Argument : Parentvalue: null
2025-11-11 12:53:51,281 [INFO] Argument:335 - Argument : Parentvalue: null
2025-11-11 12:53:51,281 [INFO] Argument:325 - Argument : XferCpltCallbackvalue: null
2025-11-11 12:53:51,281 [INFO] Argument:335 - Argument : XferCpltCallbackvalue: null
2025-11-11 12:53:51,281 [INFO] Argument:325 - Argument : XferHalfCpltCallbackvalue: null
2025-11-11 12:53:51,281 [INFO] Argument:335 - Argument : XferHalfCpltCallbackvalue: null
2025-11-11 12:53:51,282 [INFO] Argument:325 - Argument : XferErrorCallbackvalue: null
2025-11-11 12:53:51,282 [INFO] Argument:335 - Argument : XferErrorCallbackvalue: null
2025-11-11 12:53:51,282 [INFO] Argument:325 - Argument : XferAbortCallbackvalue: null
2025-11-11 12:53:51,282 [INFO] Argument:335 - Argument : XferAbortCallbackvalue: null
2025-11-11 12:53:51,282 [INFO] Argument:325 - Argument : ErrorCodevalue: null
2025-11-11 12:53:51,282 [INFO] Argument:335 - Argument : ErrorCodevalue: null
2025-11-11 12:53:51,282 [INFO] Argument:325 - Argument : ChannelIndexvalue: null
2025-11-11 12:53:51,282 [INFO] Argument:335 - Argument : ChannelIndexvalue: null
2025-11-11 12:53:51,282 [INFO] Argument:325 - Argument : DMAmuxChannelvalue: null
2025-11-11 12:53:51,282 [INFO] Argument:335 - Argument : DMAmuxChannelvalue: null
2025-11-11 12:53:51,282 [INFO] Argument:325 - Argument : DMAmuxChannelStatusvalue: null
2025-11-11 12:53:51,282 [INFO] Argument:335 - Argument : DMAmuxChannelStatusvalue: null
2025-11-11 12:53:51,282 [INFO] Argument:325 - Argument : DMAmuxChannelStatusMaskvalue: null
2025-11-11 12:53:51,282 [INFO] Argument:335 - Argument : DMAmuxChannelStatusMaskvalue: null
2025-11-11 12:53:51,282 [INFO] Argument:325 - Argument : DMAmuxRequestGenvalue: null
2025-11-11 12:53:51,282 [INFO] Argument:335 - Argument : DMAmuxRequestGenvalue: null
2025-11-11 12:53:51,282 [INFO] Argument:325 - Argument : DMAmuxRequestGenStatusvalue: null
2025-11-11 12:53:51,283 [INFO] Argument:335 - Argument : DMAmuxRequestGenStatusvalue: null
2025-11-11 12:53:51,283 [INFO] Argument:325 - Argument : DMAmuxRequestGenStatusMaskvalue: null
2025-11-11 12:53:51,283 [INFO] Argument:335 - Argument : DMAmuxRequestGenStatusMaskvalue: null
2025-11-11 12:53:51,443 [INFO] CodeEngine:265 - oldGeneratedFile, C:\Users\Александра\Documents\reserach_dc\reserach_dc\MXTmpFiles\license.tmp_save
2025-11-11 12:53:51,792 [INFO] CodeEngine:289 - Generated code: C:\Users\Александра\Documents\reserach_dc\reserach_dc\MXTmpFiles\license.tmp
2025-11-11 12:53:51,893 [INFO] CodeEngine:265 - oldGeneratedFile, C:\Users\Александра\Documents\reserach_dc\reserach_dc\MXTmpFiles\gpio.tmp_save
2025-11-11 12:53:52,111 [INFO] CodeEngine:289 - Generated code: C:\Users\Александра\Documents\reserach_dc\reserach_dc\MXTmpFiles\gpio.tmp
2025-11-11 12:53:52,992 [INFO] CodeEngine:265 - oldGeneratedFile, C:\Users\Александра\Documents\reserach_dc\reserach_dc\MXTmpFiles\dma.tmp_save
2025-11-11 12:53:53,147 [INFO] CodeEngine:289 - Generated code: C:\Users\Александра\Documents\reserach_dc\reserach_dc\MXTmpFiles\dma.tmp
2025-11-11 12:53:53,156 [INFO] CodeEngine:265 - oldGeneratedFile, C:\Users\Александра\Documents\reserach_dc\reserach_dc\MXTmpFiles\dma_GV.tmp_save
2025-11-11 12:53:53,281 [INFO] CodeEngine:289 - Generated code: C:\Users\Александра\Documents\reserach_dc\reserach_dc\MXTmpFiles\dma_GV.tmp
2025-11-11 12:53:53,310 [INFO] CodeEngine:265 - oldGeneratedFile, C:\Users\Александра\Documents\reserach_dc\reserach_dc\Core\Src\stm32g4xx_it.c_save
2025-11-11 12:53:53,680 [INFO] CodeEngine:289 - Generated code: C:\Users\Александра\Documents\reserach_dc\reserach_dc\Core\Src\stm32g4xx_it.c
2025-11-11 12:53:53,691 [INFO] CodeEngine:265 - oldGeneratedFile, C:\Users\Александра\Documents\reserach_dc\reserach_dc\Core\Inc\stm32g4xx_it.h_save
2025-11-11 12:53:53,796 [INFO] CodeEngine:289 - Generated code: C:\Users\Александра\Documents\reserach_dc\reserach_dc\Core\Inc\stm32g4xx_it.h
2025-11-11 12:53:53,823 [INFO] CodeEngine:265 - oldGeneratedFile, C:\Users\Александра\Documents\reserach_dc\reserach_dc\Core\Src\stm32g4xx_hal_msp.c_save
2025-11-11 12:53:54,025 [INFO] CodeEngine:289 - Generated code: C:\Users\Александра\Documents\reserach_dc\reserach_dc\Core\Src\stm32g4xx_hal_msp.c
2025-11-11 12:53:54,034 [INFO] CodeEngine:265 - oldGeneratedFile, C:\Users\Александра\Documents\reserach_dc\reserach_dc\MXTmpFiles\system.tmp_save
2025-11-11 12:53:54,127 [INFO] CodeEngine:289 - Generated code: C:\Users\Александра\Documents\reserach_dc\reserach_dc\MXTmpFiles\system.tmp
2025-11-11 12:53:54,150 [INFO] CodeEngine:321 - oldGeneratedFile, C:\Users\Александра\Documents\reserach_dc\reserach_dc\Core\Inc\stm32g4xx_hal_conf.h_save
2025-11-11 12:53:54,254 [INFO] CodeEngine:345 - Generated code: C:\Users\Александра\Documents\reserach_dc\reserach_dc\Core\Inc\stm32g4xx_hal_conf.h
2025-11-11 12:53:54,290 [WARN] IPConfigManager:3238 - Warning: the RefConfig RCC_CommonPeriphClockConfig is not available in your config.xml file
2025-11-11 12:53:54,294 [WARN] IPConfigManager:3811 - IP not found : TIM
2025-11-11 12:53:54,296 [WARN] CodeGenerator:4259 - IP not found : null
2025-11-11 12:53:54,310 [INFO] CodeEngine:265 - oldGeneratedFile, C:\Users\Александра\Documents\reserach_dc\reserach_dc\Core\Inc\main.h_save
2025-11-11 12:53:54,449 [INFO] CodeEngine:289 - Generated code: C:\Users\Александра\Documents\reserach_dc\reserach_dc\Core\Inc\main.h
2025-11-11 12:53:54,460 [INFO] CodeEngine:265 - oldGeneratedFile, C:\Users\Александра\Documents\reserach_dc\reserach_dc\Core\Src\main.c_save
2025-11-11 12:53:54,639 [INFO] CodeEngine:289 - Generated code: C:\Users\Александра\Documents\reserach_dc\reserach_dc\Core\Src\main.c
2025-11-11 12:53:55,307 [INFO] ProjectBuilder:3606 - Time for Copy HAL[1] : 391mS.
2025-11-11 12:53:55,313 [INFO] ProjectBuilder:5216 - Project Generator version: 4.7.0-B52
2025-11-11 12:53:55,552 [INFO] ConfigFileManager:1595 - The Die is : DIE469
2025-11-11 12:53:57,320 [INFO] ProjectBuilder:5496 - Time for Generating toolchain IDE Files: 2007mS.
2025-11-11 12:53:57,321 [INFO] ProjectBuilder:3463 - Time for Copy CMSIS : 1mS.
2025-11-11 12:53:57,326 [INFO] ProjectBuilder:3463 - Time for Copy CMSIS : 0mS.
2025-11-11 13:07:13,030 [INFO] UtilMem:75 - End SaveConfig() Used Memory: 448594000 Bytes (1073741824)
2025-11-11 13:07:14,532 [INFO] UtilMem:75 - End SaveConfig() Used Memory: 482673288 Bytes (1073741824)
2025-11-11 13:07:16,725 [INFO] UtilMem:75 - End SaveConfig() Used Memory: 608503888 Bytes (1073741824)
2025-11-11 13:07:17,118 [INFO] BlockDiagram:2775 - set Specific Code input for plugin: SPI
2025-11-11 13:07:17,119 [INFO] BlockDiagram:2775 - set Specific Code input for plugin: TIM1_8G4
2025-11-11 13:07:17,119 [INFO] BlockDiagram:2775 - set Specific Code input for plugin: SYS
2025-11-11 13:07:17,119 [INFO] BlockDiagram:2775 - set Specific Code input for plugin: ADC
2025-11-11 13:07:17,119 [INFO] BlockDiagram:2775 - set Specific Code input for plugin: RCC
2025-11-11 13:07:17,119 [INFO] BlockDiagram:2775 - set Specific Code input for plugin: NVIC
2025-11-11 13:07:17,119 [INFO] BlockDiagram:2775 - set Specific Code input for plugin: USART
2025-11-11 13:07:17,119 [INFO] BlockDiagram:2775 - set Specific Code input for plugin: DMA
2025-11-11 13:07:17,120 [INFO] BlockDiagram:2775 - set Specific Code input for plugin: GPIO
2025-11-11 13:07:17,121 [INFO] CodeGenerator:892 - code generatio: config db path: C:/Users/Александра/.stm32cubemx/databases/DB.6.0.120/db/
2025-11-11 13:07:17,134 [INFO] Argument:325 - Argument : hdmavalue: null
2025-11-11 13:07:17,134 [INFO] Argument:327 - 	 sub Args: 
2025-11-11 13:07:17,134 [INFO] Argument:325 - Argument : Instancevalue: DMA1_Channel1
2025-11-11 13:07:17,134 [INFO] Argument:335 - Argument : Instancevalue: DMA1_Channel1
2025-11-11 13:07:17,134 [INFO] Argument:325 - Argument : Initvalue: null
2025-11-11 13:07:17,135 [INFO] Argument:327 - 	 sub Args: 
2025-11-11 13:07:17,135 [INFO] Argument:325 - Argument : Requestvalue: DMA_REQUEST_ADC1
2025-11-11 13:07:17,135 [INFO] Argument:335 - Argument : Requestvalue: DMA_REQUEST_ADC1
2025-11-11 13:07:17,135 [INFO] Argument:325 - Argument : Directionvalue: DMA_PERIPH_TO_MEMORY
2025-11-11 13:07:17,135 [INFO] Argument:335 - Argument : Directionvalue: DMA_PERIPH_TO_MEMORY
2025-11-11 13:07:17,135 [INFO] Argument:325 - Argument : PeriphIncvalue: DMA_PINC_DISABLE
2025-11-11 13:07:17,135 [INFO] Argument:335 - Argument : PeriphIncvalue: DMA_PINC_DISABLE
2025-11-11 13:07:17,135 [INFO] Argument:325 - Argument : MemIncvalue: DMA_MINC_ENABLE
2025-11-11 13:07:17,135 [INFO] Argument:335 - Argument : MemIncvalue: DMA_MINC_ENABLE
2025-11-11 13:07:17,135 [INFO] Argument:325 - Argument : PeriphDataAlignmentvalue: DMA_PDATAALIGN_HALFWORD
2025-11-11 13:07:17,135 [INFO] Argument:335 - Argument : PeriphDataAlignmentvalue: DMA_PDATAALIGN_HALFWORD
2025-11-11 13:07:17,135 [INFO] Argument:325 - Argument : MemDataAlignmentvalue: DMA_MDATAALIGN_HALFWORD
2025-11-11 13:07:17,135 [INFO] Argument:335 - Argument : MemDataAlignmentvalue: DMA_MDATAALIGN_HALFWORD
2025-11-11 13:07:17,137 [INFO] Argument:325 - Argument : Modevalue: DMA_CIRCULAR
2025-11-11 13:07:17,137 [INFO] Argument:335 - Argument : Modevalue: DMA_CIRCULAR
2025-11-11 13:07:17,137 [INFO] Argument:325 - Argument : Priorityvalue: DMA_PRIORITY_LOW
2025-11-11 13:07:17,137 [INFO] Argument:335 - Argument : Priorityvalue: DMA_PRIORITY_LOW
2025-11-11 13:07:17,137 [INFO] Argument:325 - Argument : Lockvalue: null
2025-11-11 13:07:17,137 [INFO] Argument:335 - Argument : Lockvalue: null
2025-11-11 13:07:17,137 [INFO] Argument:325 - Argument : Statevalue: null
2025-11-11 13:07:17,137 [INFO] Argument:335 - Argument : Statevalue: null
2025-11-11 13:07:17,137 [INFO] Argument:325 - Argument : Parentvalue: null
2025-11-11 13:07:17,138 [INFO] Argument:335 - Argument : Parentvalue: null
2025-11-11 13:07:17,138 [INFO] Argument:325 - Argument : XferCpltCallbackvalue: null
2025-11-11 13:07:17,138 [INFO] Argument:335 - Argument : XferCpltCallbackvalue: null
2025-11-11 13:07:17,138 [INFO] Argument:325 - Argument : XferHalfCpltCallbackvalue: null
2025-11-11 13:07:17,138 [INFO] Argument:335 - Argument : XferHalfCpltCallbackvalue: null
2025-11-11 13:07:17,138 [INFO] Argument:325 - Argument : XferErrorCallbackvalue: null
2025-11-11 13:07:17,138 [INFO] Argument:335 - Argument : XferErrorCallbackvalue: null
2025-11-11 13:07:17,138 [INFO] Argument:325 - Argument : XferAbortCallbackvalue: null
2025-11-11 13:07:17,138 [INFO] Argument:335 - Argument : XferAbortCallbackvalue: null
2025-11-11 13:07:17,138 [INFO] Argument:325 - Argument : ErrorCodevalue: null
2025-11-11 13:07:17,138 [INFO] Argument:335 - Argument : ErrorCodevalue: null
2025-11-11 13:07:17,139 [INFO] Argument:325 - Argument : ChannelIndexvalue: null
2025-11-11 13:07:17,139 [INFO] Argument:335 - Argument : ChannelIndexvalue: null
2025-11-11 13:07:17,139 [INFO] Argument:325 - Argument : DMAmuxChannelvalue: null
2025-11-11 13:07:17,139 [INFO] Argument:335 - Argument : DMAmuxChannelvalue: null
2025-11-11 13:07:17,139 [INFO] Argument:325 - Argument : DMAmuxChannelStatusvalue: null
2025-11-11 13:07:17,139 [INFO] Argument:335 - Argument : DMAmuxChannelStatusvalue: null
2025-11-11 13:07:17,139 [INFO] Argument:325 - Argument : DMAmuxChannelStatusMaskvalue: null
2025-11-11 13:07:17,139 [INFO] Argument:335 - Argument : DMAmuxChannelStatusMaskvalue: null
2025-11-11 13:07:17,139 [INFO] Argument:325 - Argument : DMAmuxRequestGenvalue: null
2025-11-11 13:07:17,139 [INFO] Argument:335 - Argument : DMAmuxRequestGenvalue: null
2025-11-11 13:07:17,140 [INFO] Argument:325 - Argument : DMAmuxRequestGenStatusvalue: null
2025-11-11 13:07:17,140 [INFO] Argument:335 - Argument : DMAmuxRequestGenStatusvalue: null
2025-11-11 13:07:17,140 [INFO] Argument:325 - Argument : DMAmuxRequestGenStatusMaskvalue: null
2025-11-11 13:07:17,140 [INFO] Argument:335 - Argument : DMAmuxRequestGenStatusMaskvalue: null
2025-11-11 13:07:17,273 [INFO] CodeEngine:265 - oldGeneratedFile, C:\Users\Александра\Documents\reserach_dc\reserach_dc\MXTmpFiles\license.tmp_save
2025-11-11 13:07:17,399 [INFO] CodeEngine:289 - Generated code: C:\Users\Александра\Documents\reserach_dc\reserach_dc\MXTmpFiles\license.tmp
2025-11-11 13:07:17,451 [INFO] CodeEngine:265 - oldGeneratedFile, C:\Users\Александра\Documents\reserach_dc\reserach_dc\MXTmpFiles\gpio.tmp_save
2025-11-11 13:07:17,529 [INFO] CodeEngine:289 - Generated code: C:\Users\Александра\Documents\reserach_dc\reserach_dc\MXTmpFiles\gpio.tmp
2025-11-11 13:07:17,927 [INFO] CodeEngine:265 - oldGeneratedFile, C:\Users\Александра\Documents\reserach_dc\reserach_dc\MXTmpFiles\dma.tmp_save
2025-11-11 13:07:18,029 [INFO] CodeEngine:289 - Generated code: C:\Users\Александра\Documents\reserach_dc\reserach_dc\MXTmpFiles\dma.tmp
2025-11-11 13:07:18,038 [INFO] CodeEngine:265 - oldGeneratedFile, C:\Users\Александра\Documents\reserach_dc\reserach_dc\MXTmpFiles\dma_GV.tmp_save
2025-11-11 13:07:18,127 [INFO] CodeEngine:289 - Generated code: C:\Users\Александра\Documents\reserach_dc\reserach_dc\MXTmpFiles\dma_GV.tmp
2025-11-11 13:07:18,152 [INFO] CodeEngine:265 - oldGeneratedFile, C:\Users\Александра\Documents\reserach_dc\reserach_dc\Core\Src\stm32g4xx_it.c_save
2025-11-11 13:07:18,397 [INFO] CodeEngine:289 - Generated code: C:\Users\Александра\Documents\reserach_dc\reserach_dc\Core\Src\stm32g4xx_it.c
2025-11-11 13:07:18,406 [INFO] CodeEngine:265 - oldGeneratedFile, C:\Users\Александра\Documents\reserach_dc\reserach_dc\Core\Inc\stm32g4xx_it.h_save
2025-11-11 13:07:18,478 [INFO] CodeEngine:289 - Generated code: C:\Users\Александра\Documents\reserach_dc\reserach_dc\Core\Inc\stm32g4xx_it.h
2025-11-11 13:07:18,499 [INFO] CodeEngine:265 - oldGeneratedFile, C:\Users\Александра\Documents\reserach_dc\reserach_dc\Core\Src\stm32g4xx_hal_msp.c_save
2025-11-11 13:07:18,643 [INFO] CodeEngine:289 - Generated code: C:\Users\Александра\Documents\reserach_dc\reserach_dc\Core\Src\stm32g4xx_hal_msp.c
2025-11-11 13:07:18,650 [INFO] CodeEngine:265 - oldGeneratedFile, C:\Users\Александра\Documents\reserach_dc\reserach_dc\MXTmpFiles\system.tmp_save
2025-11-11 13:07:18,714 [INFO] CodeEngine:289 - Generated code: C:\Users\Александра\Documents\reserach_dc\reserach_dc\MXTmpFiles\system.tmp
2025-11-11 13:07:18,730 [INFO] CodeEngine:321 - oldGeneratedFile, C:\Users\Александра\Documents\reserach_dc\reserach_dc\Core\Inc\stm32g4xx_hal_conf.h_save
2025-11-11 13:07:18,804 [INFO] CodeEngine:345 - Generated code: C:\Users\Александра\Documents\reserach_dc\reserach_dc\Core\Inc\stm32g4xx_hal_conf.h
2025-11-11 13:07:18,822 [WARN] IPConfigManager:3238 - Warning: the RefConfig RCC_CommonPeriphClockConfig is not available in your config.xml file
2025-11-11 13:07:18,826 [WARN] IPConfigManager:3811 - IP not found : TIM
2025-11-11 13:07:18,826 [WARN] CodeGenerator:4259 - IP not found : null
2025-11-11 13:07:18,837 [INFO] CodeEngine:265 - oldGeneratedFile, C:\Users\Александра\Documents\reserach_dc\reserach_dc\Core\Inc\main.h_save
2025-11-11 13:07:18,942 [INFO] CodeEngine:289 - Generated code: C:\Users\Александра\Documents\reserach_dc\reserach_dc\Core\Inc\main.h
2025-11-11 13:07:18,951 [INFO] CodeEngine:265 - oldGeneratedFile, C:\Users\Александра\Documents\reserach_dc\reserach_dc\Core\Src\main.c_save
2025-11-11 13:07:19,088 [INFO] CodeEngine:289 - Generated code: C:\Users\Александра\Documents\reserach_dc\reserach_dc\Core\Src\main.c
2025-11-11 13:07:19,695 [INFO] ProjectBuilder:3606 - Time for Copy HAL[1] : 226mS.
2025-11-11 13:07:19,700 [INFO] ProjectBuilder:5216 - Project Generator version: 4.7.0-B52
2025-11-11 13:07:19,822 [INFO] ConfigFileManager:1595 - The Die is : DIE469
2025-11-11 13:07:21,165 [INFO] ProjectBuilder:5496 - Time for Generating toolchain IDE Files: 1466mS.
2025-11-11 13:07:21,166 [INFO] ProjectBuilder:3463 - Time for Copy CMSIS : 1mS.
2025-11-11 13:07:21,171 [INFO] ProjectBuilder:3463 - Time for Copy CMSIS : 0mS.
