2025-11-21 11:30:13,320 [INFO] Activator:176 - 


2025-11-21 11:30:13,327 [INFO] Activator:177 - !SESSION log4j initialized
2025-11-21 11:30:22,290 [INFO] LogOutputStream:77 - [STDOUT_REDIRECT] 
2025-11-21 11:30:24,339 [INFO] ApplicationProperties:184 - Using Application install path: C:\ST\STM32CubeIDE_1.19.0\STM32CubeIDE\plugins\com.st.stm32cube.common.mx_6.15.0.202507011659
2025-11-21 11:30:24,365 [INFO] DbMcusXml:78 - Set database path to: C:\ST\STM32CubeIDE_1.19.0\STM32CubeIDE\plugins\com.st.stm32cube.common.mx_6.15.0.202507011659\\db\/mcu/
2025-11-21 11:30:24,365 [INFO] ApiDb:274 - Set plugin database path to: C:\ST\STM32CubeIDE_1.19.0\STM32CubeIDE\plugins\com.st.stm32cube.common.mx_6.15.0.202507011659\\db\/plugins/boardmanager/
2025-11-21 11:30:24,366 [WARN] ApiDb:259 - Overriding images path with different value:  => C:\ST\STM32CubeIDE_1.19.0\STM32CubeIDE\plugins\com.st.stm32cube.common.mx_6.15.0.202507011659\\db\/plugins/mcufinder/images/
2025-11-21 11:30:24,385 [INFO] ApiDb:250 - Set database path to: C:\Users\Александра\.stmcufinder\plugins\mcufinder//mcu/
2025-11-21 11:30:24,387 [INFO] DbMcusAds:125 - Set database path to: C:\Users\Александра\.stmcufinder\plugins\mcufinder//mcu/
2025-11-21 11:30:24,391 [INFO] CrossReferenceDbSqlite:203 - Set database path to: C:\Users\Александра\.stmcufinder\plugins\mcufinder//mcu/cs/
2025-11-21 11:30:24,599 [INFO] RulesReader:64 - Compatibility file has been processed (317 Rules)
2025-11-21 11:30:24,746 [INFO] DbMcusXml:78 - Set database path to: C:\ST\STM32CubeIDE_1.19.0\STM32CubeIDE\plugins\com.st.stm32cube.common.mx_6.15.0.202507011659\\db\/mcu/
2025-11-21 11:30:24,747 [INFO] ApiDb:274 - Set plugin database path to: C:\ST\STM32CubeIDE_1.19.0\STM32CubeIDE\plugins\com.st.stm32cube.common.mx_6.15.0.202507011659\\db\/plugins/boardmanager/
2025-11-21 11:30:24,747 [INFO] ApiDb:261 - Set plugin images path to: C:\ST\STM32CubeIDE_1.19.0\STM32CubeIDE\plugins\com.st.stm32cube.common.mx_6.15.0.202507011659\\db\/plugins/mcufinder/images/
2025-11-21 11:30:24,747 [WARN] DbFile:41 - Overriding database path with different value: C:\Users\Александра\.stmcufinder\plugins\mcufinder/ => C:\Users\Александра\.stmcufinder\plugins\mcufinder
2025-11-21 11:30:24,748 [INFO] ApiDb:250 - Set database path to: C:\Users\Александра\.stmcufinder\plugins\mcufinder//mcu/
2025-11-21 11:30:24,748 [WARN] DbFile:41 - Overriding database path with different value: C:\Users\Александра\.stmcufinder\plugins\mcufinder/ => C:\Users\Александра\.stmcufinder\plugins\mcufinder
2025-11-21 11:30:24,748 [INFO] DbMcusAds:125 - Set database path to: C:\Users\Александра\.stmcufinder\plugins\mcufinder//mcu/
2025-11-21 11:30:24,748 [WARN] DbFile:41 - Overriding database path with different value: C:\Users\Александра\.stmcufinder\plugins\mcufinder/ => C:\Users\Александра\.stmcufinder\plugins\mcufinder
2025-11-21 11:30:24,749 [WARN] DbFile:41 - Overriding database path with different value: C:\Users\Александра\.stmcufinder\plugins\mcufinder/ => C:\Users\Александра\.stmcufinder\plugins\mcufinder
2025-11-21 11:30:24,749 [INFO] CrossReferenceDbSqlite:203 - Set database path to: C:\Users\Александра\.stmcufinder\plugins\mcufinder//mcu/cs/
2025-11-21 11:30:24,864 [INFO] MainPanel:274 - HeapMemory: 268435456
2025-11-21 11:30:25,119 [INFO] DbMcusXml:78 - Set database path to: C:\ST\STM32CubeIDE_1.19.0\STM32CubeIDE\plugins\com.st.stm32cube.common.mx_6.15.0.202507011659\\db\/mcu/
2025-11-21 11:30:25,119 [INFO] ApiDb:274 - Set plugin database path to: C:\ST\STM32CubeIDE_1.19.0\STM32CubeIDE\plugins\com.st.stm32cube.common.mx_6.15.0.202507011659\\db\/plugins/boardmanager/
2025-11-21 11:30:25,120 [INFO] ApiDb:261 - Set plugin images path to: C:\ST\STM32CubeIDE_1.19.0\STM32CubeIDE\plugins\com.st.stm32cube.common.mx_6.15.0.202507011659\\db\/plugins/mcufinder/images/
2025-11-21 11:30:25,120 [WARN] DbFile:41 - Overriding database path with different value: C:\Users\Александра\.stmcufinder\plugins\mcufinder/ => C:\Users\Александра\.stmcufinder\plugins\mcufinder
2025-11-21 11:30:25,121 [INFO] ApiDb:250 - Set database path to: C:\Users\Александра\.stmcufinder\plugins\mcufinder//mcu/
2025-11-21 11:30:25,121 [WARN] DbFile:41 - Overriding database path with different value: C:\Users\Александра\.stmcufinder\plugins\mcufinder/ => C:\Users\Александра\.stmcufinder\plugins\mcufinder
2025-11-21 11:30:25,121 [INFO] DbMcusAds:125 - Set database path to: C:\Users\Александра\.stmcufinder\plugins\mcufinder//mcu/
2025-11-21 11:30:25,121 [WARN] DbFile:41 - Overriding database path with different value: C:\Users\Александра\.stmcufinder\plugins\mcufinder/ => C:\Users\Александра\.stmcufinder\plugins\mcufinder
2025-11-21 11:30:25,121 [WARN] DbFile:41 - Overriding database path with different value: C:\Users\Александра\.stmcufinder\plugins\mcufinder/ => C:\Users\Александра\.stmcufinder\plugins\mcufinder
2025-11-21 11:30:25,122 [INFO] CrossReferenceDbSqlite:203 - Set database path to: C:\Users\Александра\.stmcufinder\plugins\mcufinder//mcu/cs/
2025-11-21 11:30:25,159 [INFO] ApplicationProperties:184 - Using Application install path: C:\ST\STM32CubeIDE_1.19.0\STM32CubeIDE\plugins\com.st.stm32cube.common.mx_6.15.0.202507011659
2025-11-21 11:30:25,161 [INFO] PluginManage:196 - Search for loadable plugins [exclusion list=, ]
2025-11-21 11:30:25,164 [INFO] PluginManage:310 - Check plugin analytics
2025-11-21 11:30:25,525 [INFO] AnalyticsPlugin:253 - Accepted Software Licenses: STM32CubeMX.6.15.0,STM32CubeMX.6.13.0,STM32CubeMX.6.12.0
2025-11-21 11:30:25,525 [INFO] AnalyticsPlugin:255 - Accepted CMSIS Pack Licenses: 
2025-11-21 11:30:25,526 [INFO] AnalyticsPlugin:257 - Accepted Firmware Licenses: FW.F4.1.28.0,FW.F7.1.17.0,FW.G0.1.6.0,FW.G4.1.6.0,FW.H5.1.3.0,FW.H7.1.11.0,FW.L4.1.18.0,FW.L5.1.5.0,FW.U5.1.6.0,FW.WB.1.20.0
2025-11-21 11:30:25,531 [INFO] PluginManage:359 - Loaded plugin analytics (category:tool,tabindex:-1)
2025-11-21 11:30:25,531 [INFO] PluginManage:310 - Check plugin cadmodel
2025-11-21 11:30:25,540 [INFO] CADModel:105 - Init CAD model plugin
2025-11-21 11:30:25,541 [INFO] PluginManage:359 - Loaded plugin cadmodel (category:power,tabindex:5)
2025-11-21 11:30:25,541 [INFO] PluginManage:310 - Check plugin clock
2025-11-21 11:30:25,556 [INFO] PluginManage:359 - Loaded plugin clock (category:base,tabindex:2)
2025-11-21 11:30:25,556 [INFO] PluginManage:310 - Check plugin ddr
2025-11-21 11:30:25,561 [INFO] PluginManage:359 - Loaded plugin ddr (category:tool,tabindex:6)
2025-11-21 11:30:25,561 [INFO] PluginManage:310 - Check plugin filemanager
2025-11-21 11:30:25,811 [INFO] PluginManage:359 - Loaded plugin filemanager (category:base,tabindex:10)
2025-11-21 11:30:25,811 [INFO] PluginManage:310 - Check plugin ipmanager
2025-11-21 11:30:25,820 [INFO] PluginManage:359 - Loaded plugin ipmanager (category:base,tabindex:5)
2025-11-21 11:30:25,820 [INFO] PluginManage:310 - Check plugin lpbam
2025-11-21 11:30:25,832 [INFO] PluginManage:359 - Loaded plugin lpbam (category:base,tabindex:0)
2025-11-21 11:30:25,832 [INFO] PluginManage:310 - Check plugin memorymap
2025-11-21 11:30:25,852 [INFO] PluginManage:359 - Loaded plugin memorymap (category:base,tabindex:4)
2025-11-21 11:30:25,852 [INFO] PluginManage:310 - Check plugin pinoutandconfiguration
2025-11-21 11:30:25,865 [INFO] PluginManage:359 - Loaded plugin pinoutandconfiguration (category:base,tabindex:1)
2025-11-21 11:30:25,865 [INFO] PluginManage:310 - Check plugin pinoutconfig
2025-11-21 11:30:25,988 [WARN] SupportedApi:132 - Cannot load RTOS API schema: s4s-elt-must-match.1: The content of 'definitions' must match (annotation?, (simpleType | complexType)?, (unique | key | keyref)*)). A problem was found starting at: attribute.
2025-11-21 11:30:26,166 [INFO] PluginManage:359 - Loaded plugin pinoutconfig (category:base,tabindex:0)
2025-11-21 11:30:26,166 [INFO] PluginManage:310 - Check plugin power
2025-11-21 11:30:26,182 [INFO] PluginManage:359 - Loaded plugin power (category:power,tabindex:4)
2025-11-21 11:30:26,182 [INFO] PluginManage:310 - Check plugin projectmanager
2025-11-21 11:30:26,206 [INFO] PluginManage:359 - Loaded plugin projectmanager (category:projectmanager,tabindex:4)
2025-11-21 11:30:26,207 [INFO] PluginManage:310 - Check plugin rif
2025-11-21 11:30:26,218 [INFO] PluginManage:359 - Loaded plugin rif (category:base,tabindex:3)
2025-11-21 11:30:26,218 [INFO] PluginManage:310 - Check plugin thirdparty
2025-11-21 11:30:26,431 [INFO] PluginManage:359 - Loaded plugin thirdparty (category:base,tabindex:-1)
2025-11-21 11:30:26,431 [WARN] IntegrityCheckThread:84 - waiting for thirdparty lock release [integrity check]
2025-11-21 11:30:26,431 [INFO] PluginManage:310 - Check plugin tools
2025-11-21 11:30:26,431 [INFO] IntegrityCheckThread:86 - entering critical section [integrity check]
2025-11-21 11:30:26,432 [INFO] ThirdPartyUpdaterWithRetryManager:70 - Updater plugin not ready yet. [1/15]
2025-11-21 11:30:26,435 [INFO] PluginManage:359 - Loaded plugin tools (category:base,tabindex:7)
2025-11-21 11:30:26,435 [INFO] PluginManage:310 - Check plugin tutovideos
2025-11-21 11:30:26,829 [INFO] PluginManage:359 - Loaded plugin tutovideos (category:base,tabindex:-1)
2025-11-21 11:30:26,829 [INFO] PluginManage:310 - Check plugin updater
2025-11-21 11:30:26,864 [INFO] PluginManage:359 - Loaded plugin updater (category:base,tabindex:12)
2025-11-21 11:30:26,864 [INFO] PluginManage:310 - Check plugin userauth
2025-11-21 11:30:26,869 [INFO] UserAuth:118 - Init User Auth plugin
2025-11-21 11:30:26,871 [INFO] PluginManage:359 - Loaded plugin userauth (category:base,tabindex:14)
2025-11-21 11:30:26,871 [INFO] PluginManage:283 - PluginManage : Loaded plugins [18]
2025-11-21 11:30:27,160 [INFO] PinOutPanel:1589 - setPackage(No Configuration,No Configuration)
2025-11-21 11:30:27,269 [INFO] CADModel:165 - CPN selected for project level
2025-11-21 11:30:27,269 [INFO] CADModel:114 - Register for checkConnection events
2025-11-21 11:30:27,295 [INFO] IPUIPlugin:80 - create IPUIPlugin
2025-11-21 11:30:27,295 [INFO] PluginManager:220 - loadIPPluginJar : add adc
2025-11-21 11:30:27,299 [INFO] IPUIPlugin:80 - create IPUIPlugin
2025-11-21 11:30:27,299 [INFO] PluginManager:220 - loadIPPluginJar : add aes
2025-11-21 11:30:27,304 [INFO] IPUIPlugin:80 - create IPUIPlugin
2025-11-21 11:30:27,304 [INFO] PluginManager:220 - loadIPPluginJar : add can
2025-11-21 11:30:27,307 [INFO] IPUIPlugin:80 - create IPUIPlugin
2025-11-21 11:30:27,307 [INFO] PluginManager:220 - loadIPPluginJar : add comp
2025-11-21 11:30:27,311 [INFO] IPUIPlugin:80 - create IPUIPlugin
2025-11-21 11:30:27,311 [INFO] PluginManager:220 - loadIPPluginJar : add cryp
2025-11-21 11:30:27,315 [INFO] IPUIPlugin:80 - create IPUIPlugin
2025-11-21 11:30:27,315 [INFO] PluginManager:220 - loadIPPluginJar : add ddr_ctrl_phy
2025-11-21 11:30:27,332 [INFO] IPUIPlugin:80 - create IPUIPlugin
2025-11-21 11:30:27,333 [INFO] PluginManager:220 - loadIPPluginJar : add dfsdm
2025-11-21 11:30:27,342 [INFO] IPUIPlugin:80 - create IPUIPlugin
2025-11-21 11:30:27,343 [INFO] PluginManager:220 - loadIPPluginJar : add dma
2025-11-21 11:30:27,347 [INFO] IPUIPlugin:80 - create IPUIPlugin
2025-11-21 11:30:27,347 [INFO] PluginManager:220 - loadIPPluginJar : add dma3
2025-11-21 11:30:27,352 [INFO] IPUIPlugin:80 - create IPUIPlugin
2025-11-21 11:30:27,352 [INFO] PluginManager:220 - loadIPPluginJar : add extmemmanager
2025-11-21 11:30:27,355 [INFO] IPUIPlugin:80 - create IPUIPlugin
2025-11-21 11:30:27,355 [INFO] PluginManager:220 - loadIPPluginJar : add fatfs
2025-11-21 11:30:27,362 [INFO] IPUIPlugin:80 - create IPUIPlugin
2025-11-21 11:30:27,362 [INFO] PluginManager:220 - loadIPPluginJar : add fmc
2025-11-21 11:30:27,372 [INFO] IPUIPlugin:80 - create IPUIPlugin
2025-11-21 11:30:27,372 [INFO] PluginManager:220 - loadIPPluginJar : add freertos
2025-11-21 11:30:27,375 [INFO] IPUIPlugin:80 - create IPUIPlugin
2025-11-21 11:30:27,375 [INFO] PluginManager:220 - loadIPPluginJar : add genericplugin
2025-11-21 11:30:27,379 [INFO] IPUIPlugin:80 - create IPUIPlugin
2025-11-21 11:30:27,379 [INFO] PluginManager:220 - loadIPPluginJar : add gfxmmu
2025-11-21 11:30:27,386 [INFO] IPUIPlugin:80 - create IPUIPlugin
2025-11-21 11:30:27,387 [INFO] PluginManager:220 - loadIPPluginJar : add gic
2025-11-21 11:30:27,393 [INFO] IPUIPlugin:80 - create IPUIPlugin
2025-11-21 11:30:27,393 [INFO] PluginManager:220 - loadIPPluginJar : add gpio
2025-11-21 11:30:27,397 [INFO] IPUIPlugin:80 - create IPUIPlugin
2025-11-21 11:30:27,397 [INFO] PluginManager:220 - loadIPPluginJar : add gtzc
2025-11-21 11:30:27,401 [INFO] IPUIPlugin:80 - create IPUIPlugin
2025-11-21 11:30:27,401 [INFO] PluginManager:220 - loadIPPluginJar : add hash
2025-11-21 11:30:27,405 [INFO] IPUIPlugin:80 - create IPUIPlugin
2025-11-21 11:30:27,406 [INFO] PluginManager:220 - loadIPPluginJar : add i2c
2025-11-21 11:30:27,410 [INFO] IPUIPlugin:80 - create IPUIPlugin
2025-11-21 11:30:27,410 [INFO] PluginManager:220 - loadIPPluginJar : add i2s
2025-11-21 11:30:27,414 [INFO] IPUIPlugin:80 - create IPUIPlugin
2025-11-21 11:30:27,414 [INFO] PluginManager:220 - loadIPPluginJar : add i3c
2025-11-21 11:30:27,419 [INFO] IPUIPlugin:80 - create IPUIPlugin
2025-11-21 11:30:27,420 [INFO] PluginManager:220 - loadIPPluginJar : add ipddr
2025-11-21 11:30:27,428 [INFO] IPUIPlugin:80 - create IPUIPlugin
2025-11-21 11:30:27,429 [INFO] PluginManager:220 - loadIPPluginJar : add linkedlist
2025-11-21 11:30:27,434 [INFO] IPUIPlugin:80 - create IPUIPlugin
2025-11-21 11:30:27,434 [INFO] PluginManager:220 - loadIPPluginJar : add lorawan
2025-11-21 11:30:27,437 [INFO] IPUIPlugin:80 - create IPUIPlugin
2025-11-21 11:30:27,437 [INFO] PluginManager:220 - loadIPPluginJar : add ltdc
2025-11-21 11:30:27,447 [INFO] IPUIPlugin:80 - create IPUIPlugin
2025-11-21 11:30:27,447 [INFO] PluginManager:220 - loadIPPluginJar : add mdma
2025-11-21 11:30:27,453 [INFO] IPUIPlugin:80 - create IPUIPlugin
2025-11-21 11:30:27,453 [INFO] PluginManager:220 - loadIPPluginJar : add nvic
2025-11-21 11:30:27,458 [INFO] IPUIPlugin:80 - create IPUIPlugin
2025-11-21 11:30:27,458 [INFO] PluginManager:220 - loadIPPluginJar : add opamp
2025-11-21 11:30:27,463 [INFO] IPUIPlugin:80 - create IPUIPlugin
2025-11-21 11:30:27,463 [INFO] PluginManager:220 - loadIPPluginJar : add openamp
2025-11-21 11:30:27,468 [INFO] IPUIPlugin:80 - create IPUIPlugin
2025-11-21 11:30:27,468 [INFO] PluginManager:220 - loadIPPluginJar : add pdm2pcm
2025-11-21 11:30:27,477 [INFO] IPUIPlugin:80 - create IPUIPlugin
2025-11-21 11:30:27,480 [INFO] PluginManager:220 - loadIPPluginJar : add plateformsettings
2025-11-21 11:30:27,483 [INFO] IPUIPlugin:80 - create IPUIPlugin
2025-11-21 11:30:27,483 [INFO] PluginManager:220 - loadIPPluginJar : add quadspi
2025-11-21 11:30:27,486 [INFO] IPUIPlugin:80 - create IPUIPlugin
2025-11-21 11:30:27,487 [INFO] PluginManager:220 - loadIPPluginJar : add radio
2025-11-21 11:30:27,494 [INFO] IPUIPlugin:80 - create IPUIPlugin
2025-11-21 11:30:27,494 [INFO] PluginManager:220 - loadIPPluginJar : add resmgrutility
2025-11-21 11:30:27,499 [INFO] IPUIPlugin:80 - create IPUIPlugin
2025-11-21 11:30:27,499 [INFO] PluginManager:220 - loadIPPluginJar : add sai
2025-11-21 11:30:27,502 [INFO] IPUIPlugin:80 - create IPUIPlugin
2025-11-21 11:30:27,502 [INFO] PluginManager:220 - loadIPPluginJar : add spi
2025-11-21 11:30:27,512 [INFO] IPUIPlugin:80 - create IPUIPlugin
2025-11-21 11:30:27,512 [INFO] PluginManager:220 - loadIPPluginJar : add stm32_wpan
2025-11-21 11:30:27,515 [INFO] IPUIPlugin:80 - create IPUIPlugin
2025-11-21 11:30:27,515 [INFO] PluginManager:220 - loadIPPluginJar : add tim
2025-11-21 11:30:27,520 [INFO] IPUIPlugin:80 - create IPUIPlugin
2025-11-21 11:30:27,520 [INFO] PluginManager:220 - loadIPPluginJar : add touchsensing
2025-11-21 11:30:27,523 [INFO] IPUIPlugin:80 - create IPUIPlugin
2025-11-21 11:30:27,524 [INFO] PluginManager:220 - loadIPPluginJar : add tracer_emb
2025-11-21 11:30:27,527 [INFO] IPUIPlugin:80 - create IPUIPlugin
2025-11-21 11:30:27,527 [INFO] PluginManager:220 - loadIPPluginJar : add ts
2025-11-21 11:30:27,530 [INFO] IPUIPlugin:80 - create IPUIPlugin
2025-11-21 11:30:27,530 [INFO] PluginManager:220 - loadIPPluginJar : add tsc
2025-11-21 11:30:27,533 [INFO] IPUIPlugin:80 - create IPUIPlugin
2025-11-21 11:30:27,533 [INFO] PluginManager:220 - loadIPPluginJar : add ucpd
2025-11-21 11:30:27,537 [INFO] IPUIPlugin:80 - create IPUIPlugin
2025-11-21 11:30:27,537 [INFO] PluginManager:220 - loadIPPluginJar : add usart
2025-11-21 11:30:27,543 [INFO] IPUIPlugin:80 - create IPUIPlugin
2025-11-21 11:30:27,543 [INFO] PluginManager:220 - loadIPPluginJar : add usbx
2025-11-21 11:30:27,691 [FATAL] Updater:351 - Updater called before beeing initialized
2025-11-21 11:30:27,834 [INFO] RulesReader:64 - Compatibility file has been processed (317 Rules)
2025-11-21 11:30:27,864 [INFO] RulesReader:64 - Compatibility file has been processed (317 Rules)
2025-11-21 11:30:27,876 [INFO] CADModel:165 - CPN selected for project level
2025-11-21 11:30:27,876 [INFO] CADModel:114 - Register for checkConnection events
2025-11-21 11:30:27,876 [FATAL] Updater:351 - Updater called before beeing initialized
2025-11-21 11:30:27,876 [ERROR] CADModel:125 - Updater not yet initialized, retry later 
2025-11-21 11:30:28,118 [FATAL] Updater:351 - Updater called before beeing initialized
2025-11-21 11:30:28,122 [INFO] CADModel:165 - CPN selected for project level
2025-11-21 11:30:28,122 [INFO] CADModel:114 - Register for checkConnection events
2025-11-21 11:30:28,122 [FATAL] Updater:351 - Updater called before beeing initialized
2025-11-21 11:30:28,122 [ERROR] CADModel:125 - Updater not yet initialized, retry later 
2025-11-21 11:30:28,127 [FATAL] Updater:351 - Updater called before beeing initialized
2025-11-21 11:30:28,294 [FATAL] Updater:351 - Updater called before beeing initialized
2025-11-21 11:30:28,298 [INFO] DbMcusAds:53 - JSON generation date=Mon Nov 10 13:43:01 MSK 2025 (1762771381096)
2025-11-21 11:30:28,299 [FATAL] Updater:351 - Updater called before beeing initialized
2025-11-21 11:30:28,353 [WARN] DetailPanel:346 - Failed to get advertising image, set to default
2025-11-21 11:30:28,474 [FATAL] Updater:351 - Updater called before beeing initialized
2025-11-21 11:30:28,477 [FATAL] Updater:351 - Updater called before beeing initialized
2025-11-21 11:30:28,478 [FATAL] Updater:351 - Updater called before beeing initialized
2025-11-21 11:30:28,478 [WARN] DetailPanel:346 - Failed to get advertising image, set to default
2025-11-21 11:30:28,478 [FATAL] Updater:351 - Updater called before beeing initialized
2025-11-21 11:30:28,553 [ERROR] Updater:1198 - MainUpdater not yet initialized. External WinMGr cannot be set.
2025-11-21 11:30:28,557 [INFO] Updater:1134 - Updater Version found : 6.15.0
2025-11-21 11:30:28,581 [INFO] ApplicationProperties:184 - Using Application install path: C:\ST\STM32CubeIDE_1.19.0\STM32CubeIDE\plugins\com.st.stm32cube.common.mx_6.15.0.202507011659
2025-11-21 11:30:29,161 [ERROR] CheckConnectionManager:249 - Problem, Http access forbiden
2025-11-21 11:30:29,168 [INFO] MainUpdater:2872 - connection check result : 22
2025-11-21 11:30:29,170 [INFO] MainUpdater:289 - Updater Check For Update Now.
2025-11-21 11:30:29,170 [INFO] MicroXplorer:498 - Change Database Version : DB.6.0.150
2025-11-21 11:30:29,182 [INFO] McuFinderGlobals:63 - Set McuFinder mode to 2 (CubeIDE integrated)
2025-11-21 11:30:29,184 [INFO] UserAuth:487 - Internet connection configuration mode: 2
2025-11-21 11:30:29,191 [INFO] UserAuth:487 - Internet connection configuration mode: 2
2025-11-21 11:30:29,433 [WARN] MainUpdater:1193 - Updater busy. Cannot search thirdparties
2025-11-21 11:30:29,433 [INFO] ThirdPartyUpdaterWithRetryManager:96 - Updater plugin is busy. [1/15]
2025-11-21 11:30:29,439 [INFO] CheckServerUpdateThread:120 - End of CheckServer Thread
2025-11-21 11:30:32,855 [WARN] PackLoader:240 - Cannot read IP mode file for STMicroelectronics.FP-SNS-MOTENVWB1.1.4.0
2025-11-21 11:30:32,869 [WARN] PackLoader:240 - Cannot read IP mode file for STMicroelectronics.FP-ATR-ASTRA1.2.0.2
2025-11-21 11:30:32,884 [WARN] PackLoader:240 - Cannot read IP mode file for STMicroelectronics.X-CUBE-SMBUS.2.1.0
2025-11-21 11:30:32,893 [WARN] PackLoader:240 - Cannot read IP mode file for STMicroelectronics.X-CUBE-ST60.1.0.0
2025-11-21 11:30:32,938 [WARN] PackLoader:240 - Cannot read IP mode file for STMicroelectronics.X-CUBE-AZRTOS-F7.1.1.0
2025-11-21 11:30:32,948 [WARN] PackLoader:240 - Cannot read IP mode file for Cesanta.I-CUBE-Mongoose.7.19.0
2025-11-21 11:30:32,954 [WARN] PackLoader:240 - Cannot read IP mode file for STMicroelectronics.FP-SNS-MOTENV1.5.1.0
2025-11-21 11:30:32,967 [WARN] PackLoader:240 - Cannot read IP mode file for WES.I-CUBE-Cesium.1.4.0
2025-11-21 11:30:33,005 [WARN] PackLoader:240 - Cannot read IP mode file for Infineon.AIROC-Wi-Fi-Bluetooth-STM32.1.7.1
2025-11-21 11:30:33,037 [WARN] PackLoader:240 - Cannot read IP mode file for STMicroelectronics.X-CUBE-AZRTOS-H7.3.4.0
2025-11-21 11:30:33,050 [WARN] PackLoader:240 - Cannot read IP mode file for STMicroelectronics.X-CUBE-DISPLAY.3.0.0
2025-11-21 11:30:33,066 [WARN] PackLoader:240 - Cannot read IP mode file for STMicroelectronics.X-CUBE-NFC10.1.0.0
2025-11-21 11:30:33,073 [WARN] PackLoader:240 - Cannot read IP mode file for STMicroelectronics.X-CUBE-ST60.1.1.0
2025-11-21 11:30:33,082 [WARN] PackLoader:240 - Cannot read IP mode file for emotas.I-CUBE-CANOPEN.1.3.0
2025-11-21 11:30:33,089 [WARN] PackLoader:240 - Cannot read IP mode file for STMicroelectronics.X-CUBE-GNSS1.7.1.0
2025-11-21 11:30:33,100 [WARN] PackLoader:240 - Cannot read IP mode file for STMicroelectronics.FP-SNS-STBOX1.2.1.0
2025-11-21 11:30:33,106 [WARN] PackLoader:240 - Cannot read IP mode file for STMicroelectronics.FP-SNS-SMARTAG2.1.2.0
2025-11-21 11:30:33,112 [WARN] PackLoader:240 - Cannot read IP mode file for STMicroelectronics.FP-SNS-FLIGHT1.5.1.0
2025-11-21 11:30:33,121 [INFO] LogOutputStream:77 - [STDOUT_REDIRECT] 1 : Invalid condition id : UX_CORESTACK_Condition cause : null
2025-11-21 11:30:33,122 [INFO] LogOutputStream:77 - [STDOUT_REDIRECT] 1 : Invalid condition id : UX_CORESTACK_Condition cause : null
2025-11-21 11:30:33,123 [INFO] LogOutputStream:77 - [STDOUT_REDIRECT] 1 : Invalid condition id : UX_CORESTACK_Condition cause : null
2025-11-21 11:30:33,124 [INFO] LogOutputStream:77 - [STDOUT_REDIRECT] 1 : Invalid condition id : UX_CORESTACK_Condition cause : null
2025-11-21 11:30:33,126 [INFO] LogOutputStream:77 - [STDOUT_REDIRECT] 1 : Invalid condition id : UX_CORESTACK_Condition cause : null
2025-11-21 11:30:33,129 [WARN] PackLoader:240 - Cannot read IP mode file for STMicroelectronics.X-CUBE-AZRTOS-WL.2.0.0
2025-11-21 11:30:33,134 [WARN] PackLoader:240 - Cannot read IP mode file for STMicroelectronics.FP-SNS-MOTENV1.5.0.0
2025-11-21 11:30:33,141 [WARN] PackLoader:240 - Cannot read IP mode file for STMicroelectronics.X-CUBE-BLE2.3.3.0
2025-11-21 11:30:33,160 [INFO] LogOutputStream:77 - [STDOUT_REDIRECT] [ThirdParty] unknown protocol: c
2025-11-21 11:30:33,160 [WARN] PackLoader:240 - Cannot read IP mode file for Avnet-IOTCONNECT.X-CUBE-iotc-st67-sdk.1.0.0
2025-11-21 11:30:33,167 [WARN] PackLoader:240 - Cannot read IP mode file for STMicroelectronics.X-CUBE-NFC9.1.0.0
2025-11-21 11:30:33,175 [WARN] PackLoader:240 - Cannot read IP mode file for wolfSSL.I-CUBE-wolfSSL.5.8.2
2025-11-21 11:30:33,180 [WARN] PackLoader:240 - Cannot read IP mode file for STMicroelectronics.X-CUBE-BLE1.7.1.0
2025-11-21 11:30:33,185 [WARN] PackLoader:240 - Cannot read IP mode file for wolfSSL.I-CUBE-wolfMQTT.1.19.2
2025-11-21 11:30:33,191 [WARN] PackLoader:240 - Cannot read IP mode file for STMicroelectronics.X-CUBE-EEPRMA1.5.2.0
2025-11-21 11:30:33,199 [WARN] PackLoader:240 - Cannot read IP mode file for STMicroelectronics.X-CUBE-ST67W61.1.1.0
2025-11-21 11:30:33,214 [WARN] PackLoader:240 - Cannot read IP mode file for STMicroelectronics.X-CUBE-AZRTOS-G0.1.1.0
2025-11-21 11:30:33,222 [WARN] PackLoader:240 - Cannot read IP mode file for STMicroelectronics.X-CUBE-SAFEA1.1.2.2
2025-11-21 11:30:33,230 [WARN] PackLoader:240 - Cannot read IP mode file for STMicroelectronics.X-CUBE-NFC4.3.0.0
2025-11-21 11:30:33,241 [WARN] PackLoader:240 - Cannot read IP mode file for EmbeddedOffice.I-CUBE-FS-RTOS.1.0.1
2025-11-21 11:30:33,257 [WARN] PackLoader:240 - Cannot read IP mode file for STMicroelectronics.X-CUBE-WB05N.2.0.0
2025-11-21 11:30:33,262 [WARN] PackLoader:240 - Cannot read IP mode file for wolfSSL.I-CUBE-wolfTPM.3.8.0
2025-11-21 11:30:33,267 [WARN] PackLoader:240 - Cannot read IP mode file for STMicroelectronics.X-CUBE-TCPP.4.2.0
2025-11-21 11:30:33,275 [WARN] PackLoader:240 - Cannot read IP mode file for RealThread.X-CUBE-RT-Thread_Nano.4.1.1
2025-11-21 11:30:33,279 [WARN] PackLoader:240 - Cannot read IP mode file for STMicroelectronics.FP-ATR-SIGFOX1.3.2.0
2025-11-21 11:30:33,287 [WARN] PackLoader:240 - Cannot read IP mode file for ITTIA_DB.I-CUBE-ITTIADB.8.9.0
2025-11-21 11:30:33,294 [WARN] PackLoader:240 - Cannot read IP mode file for STMicroelectronics.X-CUBE-ST67W61.1.0.0
2025-11-21 11:30:33,299 [WARN] PackLoader:240 - Cannot read IP mode file for STMicroelectronics.X-CUBE-AI.10.2.0
2025-11-21 11:30:33,327 [WARN] PackLoader:240 - Cannot read IP mode file for SEGGER.I-CUBE-embOS.1.3.1
2025-11-21 11:30:33,365 [WARN] PackLoader:240 - Cannot read IP mode file for STMicroelectronics.X-CUBE-ALGOBUILD.1.4.0
2025-11-21 11:30:33,405 [WARN] PackLoader:240 - Cannot read IP mode file for STMicroelectronics.X-CUBE-MEMS1.11.3.0
2025-11-21 11:30:33,654 [WARN] PackLoader:240 - Cannot read IP mode file for STMicroelectronics.X-CUBE-PM33A1.1.0.0
2025-11-21 11:30:33,671 [WARN] PackLoader:240 - Cannot read IP mode file for STMicroelectronics.X-CUBE-AZRTOS-F4.1.1.0
2025-11-21 11:30:33,677 [WARN] PackLoader:240 - Cannot read IP mode file for Avnet-IotConnect.X-CUBE-IoTC-DA16k-PMOD.1.0.0
2025-11-21 11:30:33,681 [WARN] PackLoader:240 - Cannot read IP mode file for STMicroelectronics.X-CUBE-ISPU.2.1.0
2025-11-21 11:30:33,694 [WARN] PackLoader:240 - Cannot read IP mode file for STMicroelectronics.X-CUBE-IPS.3.2.0
2025-11-21 11:30:33,711 [WARN] PackLoader:240 - Cannot read IP mode file for STMicroelectronics.X-CUBE-NFC12.1.0.0
2025-11-21 11:30:33,727 [WARN] PackLoader:240 - Cannot read IP mode file for STMicroelectronics.X-CUBE-AZRTOS-L5.2.0.0
2025-11-21 11:30:33,736 [WARN] PackLoader:240 - Cannot read IP mode file for STMicroelectronics.X-CUBE-NFC6.3.1.0
2025-11-21 11:30:33,743 [WARN] PackLoader:240 - Cannot read IP mode file for STMicroelectronics.X-CUBE-FREERTOS.1.3.1
2025-11-21 11:30:33,749 [WARN] PackLoader:240 - Cannot read IP mode file for STMicroelectronics.X-CUBE-TOUCHGFX.4.26.0
2025-11-21 11:30:33,754 [WARN] PackLoader:240 - Cannot read IP mode file for STMicroelectronics.FP-SNS-STAIOTCFT.1.0.0
2025-11-21 11:30:33,759 [WARN] PackLoader:240 - Cannot read IP mode file for STMicroelectronics.X-CUBE-DPower.1.3.0
2025-11-21 11:30:33,774 [WARN] ConditionMgr:438 - getConditionDescription Invalid condition id : LAN8742 Phy interface Condition cause : null
2025-11-21 11:30:33,774 [WARN] PackLoader:240 - Cannot read IP mode file for STMicroelectronics.X-CUBE-AZRTOS-L4.2.0.0
2025-11-21 11:30:33,775 [WARN] ConditionMgr:1044 - genDependencies : Invalid condition id : LAN8742 Phy interface Condition cause : null
2025-11-21 11:30:33,776 [WARN] ConditionMgr:1044 - genDependencies : Invalid condition id : LAN8742 Phy interface Condition cause : null
2025-11-21 11:30:33,776 [WARN] ConditionMgr:1044 - genDependencies : Invalid condition id : LAN8742 Phy interface Condition cause : null
2025-11-21 11:30:33,783 [WARN] PackLoader:240 - Cannot read IP mode file for STMicroelectronics.X-CUBE-SFXS2LP1.4.0.0
2025-11-21 11:30:33,793 [WARN] PackLoader:240 - Cannot read IP mode file for STMicroelectronics.X-CUBE-BLEMGR.4.1.0
2025-11-21 11:30:33,805 [WARN] ConditionMgr:438 - getConditionDescription Invalid condition id : UX DEVICE CLASS RTOS Condition cause : null
2025-11-21 11:30:33,806 [WARN] ConditionMgr:438 - getConditionDescription Invalid condition id : UX DEVICE CLASS RTOS Condition cause : null
2025-11-21 11:30:33,807 [WARN] PackLoader:240 - Cannot read IP mode file for STMicroelectronics.X-CUBE-AZRTOS-WB.2.0.0
2025-11-21 11:30:33,808 [WARN] ConditionMgr:1044 - genDependencies : Invalid condition id : UX DEVICE CLASS RTOS Condition cause : null
2025-11-21 11:30:33,808 [WARN] ConditionMgr:1044 - genDependencies : Invalid condition id : UX DEVICE CLASS RTOS Condition cause : null
2025-11-21 11:30:33,808 [WARN] ConditionMgr:1044 - genDependencies : Invalid condition id : UX DEVICE CLASS RTOS Condition cause : null
2025-11-21 11:30:33,808 [WARN] ConditionMgr:1044 - genDependencies : Invalid condition id : UX DEVICE CLASS RTOS Condition cause : null
2025-11-21 11:30:33,809 [WARN] ConditionMgr:1044 - genDependencies : Invalid condition id : UX DEVICE CLASS RTOS Condition cause : null
2025-11-21 11:30:33,813 [WARN] PackLoader:240 - Cannot read IP mode file for STMicroelectronics.X-CUBE-GNSS1.7.0.1
2025-11-21 11:30:33,817 [WARN] PackLoader:240 - Cannot read IP mode file for STMicroelectronics.X-CUBE-TOUCHGFX.4.25.0
2025-11-21 11:30:33,822 [WARN] ConditionMgr:438 - getConditionDescription Invalid condition id : Cortex-A Device cause : null
2025-11-21 11:30:33,830 [INFO] LogOutputStream:77 - [STDOUT_REDIRECT] [ThirdParty] unknown protocol: c
2025-11-21 11:30:33,830 [WARN] PackLoader:240 - Cannot read IP mode file for quantropi.X-CUBE-qispace-sdk-base.2.1.0
2025-11-21 11:30:33,830 [WARN] ConditionMgr:1044 - genDependencies : Invalid condition id : Cortex-A Device cause : null
2025-11-21 11:30:33,830 [WARN] ConditionMgr:1044 - genDependencies : Invalid condition id : Cortex-A Device cause : null
2025-11-21 11:30:33,830 [WARN] ConditionMgr:1044 - genDependencies : Invalid condition id : Cortex-A Device cause : null
2025-11-21 11:30:33,841 [WARN] PackLoader:240 - Cannot read IP mode file for STMicroelectronics.X-CUBE-SUBG2.5.0.0
2025-11-21 11:30:33,859 [WARN] PackLoader:240 - Cannot read IP mode file for STMicroelectronics.X-CUBE-AZRTOS-H7RS.1.1.0
2025-11-21 11:30:33,875 [WARN] PackLoader:240 - Cannot read IP mode file for STMicroelectronics.X-CUBE-AZRTOS-G4.2.0.0
2025-11-21 11:30:33,881 [WARN] PackLoader:240 - Cannot read IP mode file for wolfSSL.I-CUBE-wolfSSH.1.4.20
2025-11-21 11:30:33,886 [WARN] PackLoader:240 - Cannot read IP mode file for STMicroelectronics.X-CUBE-NFC7.2.0.0
2025-11-21 11:30:33,899 [WARN] PackLoader:240 - Cannot read IP mode file for STMicroelectronics.X-CUBE-IPS.3.1.0
2025-11-21 11:30:33,907 [WARN] PackLoader:240 - Cannot read IP mode file for STMicroelectronics.X-CUBE-ALS.1.0.2
2025-11-21 11:30:33,914 [WARN] PackLoader:240 - Cannot read IP mode file for STMicroelectronics.X-CUBE-STSE01.1.0.0
2025-11-21 11:30:33,928 [WARN] PackLoader:240 - Cannot read IP mode file for STMicroelectronics.X-CUBE-TOF1.3.4.3
2025-11-21 11:30:33,938 [INFO] ThirdParty:978 - Integrity check success = true
2025-11-21 11:30:33,939 [INFO] IntegrityCheckThread:100 - exiting critical section [integrity check]
2025-11-21 11:30:33,939 [INFO] IntegrityCheckThread:103 - End integrity checks thread
